                                      1 ;--------------------------------------------------------
                                      2 ; File Created by SDCC : free open source ISO C Compiler
                                      3 ; Version 4.5.1 #15267 (MINGW64)
                                      4 ;--------------------------------------------------------
                                      5 	.module gameplay
                                      6 	
                                      7 ;--------------------------------------------------------
                                      8 ; Public variables in this module
                                      9 ;--------------------------------------------------------
                                     10 	.globl b_player_screen_y
                                     11 	.globl _player_screen_y
                                     12 	.globl b_player_update
                                     13 	.globl _player_update
                                     14 	.globl b_player_init
                                     15 	.globl _player_init
                                     16 	.globl _init_music_banked
                                     17 	.globl _fill_scroll_bg
                                     18 	.globl _draw_mt_column
                                     19 	.globl _load_bkg_tileset
                                     20 	.globl _puts
                                     21 	.globl _printf
                                     22 	.globl _gotoxy
                                     23 	.globl _font_set
                                     24 	.globl _font_load
                                     25 	.globl _font_init
                                     26 	.globl _fill_bkg_rect
                                     27 	.globl _set_sprite_data
                                     28 	.globl _display_off
                                     29 	.globl _wait_vbl_done
                                     30 	.globl _waitpadup
                                     31 	.globl _joypad
                                     32 	.globl b_setup_menu_font
                                     33 	.globl _setup_menu_font
                                     34 	.globl b_draw_menu
                                     35 	.globl _draw_menu
                                     36 	.globl b_play_level
                                     37 	.globl _play_level
                                     38 ;--------------------------------------------------------
                                     39 ; special function registers
                                     40 ;--------------------------------------------------------
                                     41 	.area _HRAM
                                     42 ;--------------------------------------------------------
                                     43 ; ram data
                                     44 ;--------------------------------------------------------
                                     45 	.area _DATA
                                     46 ;--------------------------------------------------------
                                     47 ; ram data
                                     48 ;--------------------------------------------------------
                                     49 	.area _INITIALIZED
                                     50 ;--------------------------------------------------------
                                     51 ; absolute external ram data
                                     52 ;--------------------------------------------------------
                                     53 	.area _DABS (ABS)
                                     54 ;--------------------------------------------------------
                                     55 ; global & static initialisations
                                     56 ;--------------------------------------------------------
                                     57 	.area _HOME
                                     58 	.area _GSINIT
                                     59 	.area _GSFINAL
                                     60 	.area _GSINIT
                                     61 ;--------------------------------------------------------
                                     62 ; Home
                                     63 ;--------------------------------------------------------
                                     64 	.area _HOME
                                     65 	.area _HOME
                                     66 ;--------------------------------------------------------
                                     67 ; code
                                     68 ;--------------------------------------------------------
                                     69 	.area _CODE_1
                                     70 ;src/gameplay.c:30: void setup_menu_font(void) BANKED {
                                     71 ;	---------------------------------
                                     72 ; Function setup_menu_font
                                     73 ; ---------------------------------
                         00000001    74 	b_setup_menu_font	= 1
    00000000                         75 _setup_menu_font::
                                     76 ;src/gameplay.c:31: font_init();
    00000000 CDr00r00         [24]   77 	call	_font_init
                                     78 ;src/gameplay.c:32: font_set(font_load(font_min));
    00000003 11r00r00         [12]   79 	ld	de, #_font_min
    00000006 D5               [16]   80 	push	de
    00000007 CDr00r00         [24]   81 	call	_font_load
    0000000A E1               [12]   82 	pop	hl
    0000000B D5               [16]   83 	push	de
    0000000C CDr00r00         [24]   84 	call	_font_set
    0000000F E1               [12]   85 	pop	hl
                                     86 ;src/gameplay.c:33: }
    00000010 C9               [16]   87 	ret
                                     88 ;src/gameplay.c:35: void draw_menu(void) BANKED {
                                     89 ;	---------------------------------
                                     90 ; Function draw_menu
                                     91 ; ---------------------------------
                         00000001    92 	b_draw_menu	= 1
    00000011                         93 _draw_menu::
                                     94 ;src/gameplay.c:36: fill_bkg_rect(0, 0, 20, 18, 0x00);
    00000011 AF               [ 4]   95 	xor	a, a
    00000012 67               [ 4]   96 	ld	h, a
    00000013 2E 12            [ 8]   97 	ld	l, #0x12
    00000015 E5               [16]   98 	push	hl
    00000016 3E 14            [ 8]   99 	ld	a, #0x14
    00000018 F5               [16]  100 	push	af
    00000019 33               [ 8]  101 	inc	sp
    0000001A AF               [ 4]  102 	xor	a, a
    0000001B 0F               [ 4]  103 	rrca
    0000001C F5               [16]  104 	push	af
    0000001D CDr00r00         [24]  105 	call	_fill_bkg_rect
    00000020 E8 05            [16]  106 	add	sp, #5
                                    107 ;src/gameplay.c:37: gotoxy(0, 0);
    00000022 AF               [ 4]  108 	xor	a, a
    00000023 0F               [ 4]  109 	rrca
    00000024 F5               [16]  110 	push	af
    00000025 CDr00r00         [24]  111 	call	_gotoxy
    00000028 E1               [12]  112 	pop	hl
                                    113 ;src/gameplay.c:38: printf("GBDASH DEMO 01\n\n");
    00000029 11r93r00         [12]  114 	ld	de, #___str_1
    0000002C CDr00r00         [24]  115 	call	_puts
                                    116 ;src/gameplay.c:39: for (uint8_t i = 0; i < MAX_LEVELS; i++) {
    0000002F 0E 00            [ 8]  117 	ld	c, #0x00
    00000031                        118 00106$:
    00000031 FAr00r00         [16]  119 	ld	a, (_MAX_LEVELS)
    00000034 47               [ 4]  120 	ld	b, a
                                    121 ;src/gameplay.c:40: gotoxy(1, 2 + i);
    00000035 79               [ 4]  122 	ld	a,c
    00000036 B8               [ 4]  123 	cp	a,b
    00000037 30 4F            [12]  124 	jr	NC, 00104$
    00000039 C6 02            [ 8]  125 	add	a, #0x02
    0000003B C5               [16]  126 	push	bc
    0000003C 67               [ 4]  127 	ld	h, a
    0000003D 2E 01            [ 8]  128 	ld	l, #0x01
    0000003F E5               [16]  129 	push	hl
    00000040 CDr00r00         [24]  130 	call	_gotoxy
    00000043 E1               [12]  131 	pop	hl
    00000044 C1               [12]  132 	pop	bc
                                    133 ;src/gameplay.c:41: if (i == selected) printf("0 %s", game_levels[i]->name);
    00000045 69               [ 4]  134 	ld	l, c
    00000046 26 00            [ 8]  135 	ld	h, #0x00
    00000048 29               [ 8]  136 	add	hl, hl
    00000049 45               [ 4]  137 	ld	b, l
    0000004A 5C               [ 4]  138 	ld	e, h
    0000004B FAr00r00         [16]  139 	ld	a, (#_selected)
    0000004E 91               [ 4]  140 	sub	a, c
    0000004F 20 1A            [12]  141 	jr	NZ, 00102$
    00000051 68               [ 4]  142 	ld	l, b
    00000052 63               [ 4]  143 	ld	h, e
    00000053 11r00r00         [12]  144 	ld	de, #_game_levels
    00000056 19               [ 8]  145 	add	hl, de
    00000057 2A               [ 8]  146 	ld	a,	(hl+)
    00000058 66               [ 8]  147 	ld	h, (hl)
    00000059 6F               [ 4]  148 	ld	l, a
    0000005A 2A               [ 8]  149 	ld	a,	(hl+)
    0000005B 66               [ 8]  150 	ld	h, (hl)
    0000005C 6F               [ 4]  151 	ld	l, a
    0000005D C5               [16]  152 	push	bc
    0000005E E5               [16]  153 	push	hl
    0000005F 11rA3r00         [12]  154 	ld	de, #___str_2
    00000062 D5               [16]  155 	push	de
    00000063 CDr00r00         [24]  156 	call	_printf
    00000066 E8 04            [16]  157 	add	sp, #4
    00000068 C1               [12]  158 	pop	bc
    00000069 18 1A            [12]  159 	jr	00107$
    0000006B                        160 00102$:
                                    161 ;src/gameplay.c:42: else printf(" %s", game_levels[i]->name);
    0000006B 3Er00            [ 8]  162 	ld	a, #<(_game_levels)
    0000006D 80               [ 4]  163 	add	a, b
    0000006E 6F               [ 4]  164 	ld	l, a
    0000006F 3Es00            [ 8]  165 	ld	a, #>(_game_levels)
    00000071 8B               [ 4]  166 	adc	a, e
    00000072 67               [ 4]  167 	ld	h, a
    00000073 2A               [ 8]  168 	ld	a,	(hl+)
    00000074 66               [ 8]  169 	ld	h, (hl)
    00000075 6F               [ 4]  170 	ld	l, a
    00000076 2A               [ 8]  171 	ld	a,	(hl+)
    00000077 66               [ 8]  172 	ld	h, (hl)
    00000078 6F               [ 4]  173 	ld	l, a
    00000079 C5               [16]  174 	push	bc
    0000007A E5               [16]  175 	push	hl
    0000007B 11rA8r00         [12]  176 	ld	de, #___str_3
    0000007E D5               [16]  177 	push	de
    0000007F CDr00r00         [24]  178 	call	_printf
    00000082 E8 04            [16]  179 	add	sp, #4
    00000084 C1               [12]  180 	pop	bc
    00000085                        181 00107$:
                                    182 ;src/gameplay.c:39: for (uint8_t i = 0; i < MAX_LEVELS; i++) {
    00000085 0C               [ 4]  183 	inc	c
    00000086 18 A9            [12]  184 	jr	00106$
    00000088                        185 00104$:
                                    186 ;src/gameplay.c:44: SHOW_BKG;
    00000088 F0r00            [12]  187 	ldh	a, (_LCDC_REG + 0)
    0000008A F6 01            [ 8]  188 	or	a, #0x01
    0000008C E0r00            [12]  189 	ldh	(_LCDC_REG + 0), a
                                    190 ;src/gameplay.c:45: redraw = 0;
    0000008E AF               [ 4]  191 	xor	a, a
    0000008F EAr00r00         [16]  192 	ld	(#_redraw),a
                                    193 ;src/gameplay.c:46: }
    00000092 C9               [16]  194 	ret
    00000093                        195 ___str_1:
    00000093 47 42 44 41 53 48 20   196 	.ascii "GBDASH DEMO 01"
             44 45 4D 4F 20 30 31
    000000A1 0A                     197 	.db 0x0a
    000000A2 00                     198 	.db 0x00
    000000A3                        199 ___str_2:
    000000A3 30 20 25 73            200 	.ascii "0 %s"
    000000A7 00                     201 	.db 0x00
    000000A8                        202 ___str_3:
    000000A8 20 25 73               203 	.ascii " %s"
    000000AB 00                     204 	.db 0x00
                                    205 ;src/gameplay.c:48: void play_level(uint8_t idx) BANKED {
                                    206 ;	---------------------------------
                                    207 ; Function play_level
                                    208 ; ---------------------------------
                         00000001   209 	b_play_level	= 1
    000000AC                        210 _play_level::
    000000AC E8 D0            [16]  211 	add	sp, #-48
                                    212 ;src/gameplay.c:59: l = game_levels[idx];
    000000AE 01r00r00         [12]  213 	ld	bc, #_game_levels+0
    000000B1 F8 36            [12]  214 	ldhl	sp,	#54
    000000B3 5E               [ 8]  215 	ld	e, (hl)
    000000B4 AF               [ 4]  216 	xor	a, a
    000000B5 CB 23            [ 8]  217 	sla	e
    000000B7 8F               [ 4]  218 	adc	a, a
    000000B8 F8 2E            [12]  219 	ldhl	sp,	#46
    000000BA 73               [ 8]  220 	ld	(hl), e
    000000BB 23               [ 8]  221 	inc	hl
    000000BC 32               [ 8]  222 	ld	(hl-), a
    000000BD 2A               [ 8]  223 	ld	a,	(hl+)
    000000BE 66               [ 8]  224 	ld	h, (hl)
    000000BF 6F               [ 4]  225 	ld	l, a
    000000C0 09               [ 8]  226 	add	hl, bc
    000000C1 4D               [ 4]  227 	ld	c, l
    000000C2 44               [ 4]  228 	ld	b, h
    000000C3 59               [ 4]  229 	ld	e, c
    000000C4 50               [ 4]  230 	ld	d, b
    000000C5 1A               [ 8]  231 	ld	a, (de)
    000000C6 F8 2C            [12]  232 	ldhl	sp,	#44
    000000C8 22               [ 8]  233 	ld	(hl+), a
    000000C9 13               [ 8]  234 	inc	de
    000000CA 1A               [ 8]  235 	ld	a, (de)
                                    236 ;src/gameplay.c:60: level_tiles = l->tiles;
    000000CB 32               [ 8]  237 	ld	(hl-), a
    000000CC 2A               [ 8]  238 	ld	a, (hl+)
    000000CD 4F               [ 4]  239 	ld	c, a
    000000CE 46               [ 8]  240 	ld	b, (hl)
    000000CF 03               [ 8]  241 	inc	bc
    000000D0 03               [ 8]  242 	inc	bc
    000000D1 59               [ 4]  243 	ld	e, c
    000000D2 50               [ 4]  244 	ld	d, b
    000000D3 1A               [ 8]  245 	ld	a, (de)
    000000D4 F8 27            [12]  246 	ldhl	sp,	#39
    000000D6 22               [ 8]  247 	ld	(hl+), a
    000000D7 13               [ 8]  248 	inc	de
    000000D8 1A               [ 8]  249 	ld	a, (de)
    000000D9 77               [ 8]  250 	ld	(hl), a
                                    251 ;src/gameplay.c:61: level_map = l->map;
    000000DA F8 2C            [12]  252 	ldhl	sp,#44
    000000DC 2A               [ 8]  253 	ld	a, (hl+)
    000000DD 5F               [ 4]  254 	ld	e, a
    000000DE 56               [ 8]  255 	ld	d, (hl)
    000000DF 21 04 00         [12]  256 	ld	hl, #0x0004
    000000E2 19               [ 8]  257 	add	hl, de
    000000E3 4D               [ 4]  258 	ld	c, l
    000000E4 44               [ 4]  259 	ld	b, h
    000000E5 59               [ 4]  260 	ld	e, c
    000000E6 50               [ 4]  261 	ld	d, b
    000000E7 1A               [ 8]  262 	ld	a, (de)
    000000E8 F8 11            [12]  263 	ldhl	sp,	#17
    000000EA 22               [ 8]  264 	ld	(hl+), a
    000000EB 13               [ 8]  265 	inc	de
    000000EC 1A               [ 8]  266 	ld	a, (de)
    000000ED 77               [ 8]  267 	ld	(hl), a
                                    268 ;src/gameplay.c:62: level_tile_count = l->tile_count;
    000000EE F8 2C            [12]  269 	ldhl	sp,#44
    000000F0 2A               [ 8]  270 	ld	a, (hl+)
    000000F1 5F               [ 4]  271 	ld	e, a
    000000F2 56               [ 8]  272 	ld	d, (hl)
    000000F3 21 06 00         [12]  273 	ld	hl, #0x0006
    000000F6 19               [ 8]  274 	add	hl, de
    000000F7 4D               [ 4]  275 	ld	c, l
    000000F8 44               [ 4]  276 	ld	b, h
    000000F9 59               [ 4]  277 	ld	e, c
    000000FA 50               [ 4]  278 	ld	d, b
    000000FB 1A               [ 8]  279 	ld	a, (de)
    000000FC F8 29            [12]  280 	ldhl	sp,	#41
    000000FE 22               [ 8]  281 	ld	(hl+), a
    000000FF 13               [ 8]  282 	inc	de
    00000100 1A               [ 8]  283 	ld	a, (de)
    00000101 77               [ 8]  284 	ld	(hl), a
                                    285 ;src/gameplay.c:63: level_map_w = l->map_width;
    00000102 F8 2C            [12]  286 	ldhl	sp,#44
    00000104 2A               [ 8]  287 	ld	a, (hl+)
    00000105 5F               [ 4]  288 	ld	e, a
    00000106 56               [ 8]  289 	ld	d, (hl)
    00000107 21 08 00         [12]  290 	ld	hl, #0x0008
    0000010A 19               [ 8]  291 	add	hl, de
    0000010B 4D               [ 4]  292 	ld	c, l
    0000010C 44               [ 4]  293 	ld	b, h
    0000010D 59               [ 4]  294 	ld	e, c
    0000010E 50               [ 4]  295 	ld	d, b
    0000010F 1A               [ 8]  296 	ld	a, (de)
    00000110 F8 13            [12]  297 	ldhl	sp,	#19
    00000112 22               [ 8]  298 	ld	(hl+), a
    00000113 13               [ 8]  299 	inc	de
    00000114 1A               [ 8]  300 	ld	a, (de)
    00000115 77               [ 8]  301 	ld	(hl), a
                                    302 ;src/gameplay.c:64: level_map_h = l->map_height;
    00000116 F8 2C            [12]  303 	ldhl	sp,#44
    00000118 2A               [ 8]  304 	ld	a, (hl+)
    00000119 5F               [ 4]  305 	ld	e, a
    0000011A 56               [ 8]  306 	ld	d, (hl)
    0000011B 21 0A 00         [12]  307 	ld	hl, #0x000a
    0000011E 19               [ 8]  308 	add	hl, de
    0000011F 4D               [ 4]  309 	ld	c, l
    00000120 44               [ 4]  310 	ld	b, h
    00000121 59               [ 4]  311 	ld	e, c
    00000122 50               [ 4]  312 	ld	d, b
    00000123 1A               [ 8]  313 	ld	a, (de)
    00000124 F8 15            [12]  314 	ldhl	sp,	#21
    00000126 22               [ 8]  315 	ld	(hl+), a
    00000127 13               [ 8]  316 	inc	de
    00000128 1A               [ 8]  317 	ld	a, (de)
    00000129 77               [ 8]  318 	ld	(hl), a
                                    319 ;src/gameplay.c:65: level_tiles_bank = BANK(chr_gb);
    0000012A F8 2B            [12]  320 	ldhl	sp,	#43
                                    321 ;src/gameplay.c:66: level_map_bank = l->map_bank;
    0000012C 3Er00            [ 8]  322 	ld	a, #<(___bank_chr_gb)
    0000012E 22               [ 8]  323 	ld	(hl+), a
    0000012F 2A               [ 8]  324 	ld	a, (hl+)
    00000130 5F               [ 4]  325 	ld	e, a
    00000131 56               [ 8]  326 	ld	d, (hl)
    00000132 21 0E 00         [12]  327 	ld	hl, #0x000e
    00000135 19               [ 8]  328 	add	hl, de
    00000136 4D               [ 4]  329 	ld	c, l
    00000137 44               [ 4]  330 	ld	b, h
    00000138 0A               [ 8]  331 	ld	a, (bc)
    00000139 F8 17            [12]  332 	ldhl	sp,	#23
    0000013B 77               [ 8]  333 	ld	(hl), a
                                    334 ;src/gameplay.c:69: NR52_REG = 0x80;
    0000013C 3E 80            [ 8]  335 	ld	a, #0x80
    0000013E E0r00            [12]  336 	ldh	(_NR52_REG + 0), a
                                    337 ;src/gameplay.c:70: NR51_REG = 0xFF;
    00000140 3E FF            [ 8]  338 	ld	a, #0xff
    00000142 E0r00            [12]  339 	ldh	(_NR51_REG + 0), a
                                    340 ;src/gameplay.c:71: NR50_REG = 0x77;
    00000144 3E 77            [ 8]  341 	ld	a, #0x77
    00000146 E0r00            [12]  342 	ldh	(_NR50_REG + 0), a
                                    343 ;src/gameplay.c:74: if (level_songs[idx]) {
    00000148 11r00r00         [12]  344 	ld	de, #_level_songs
    0000014B F8 2E            [12]  345 	ldhl	sp,	#46
    0000014D 2A               [ 8]  346 	ld	a,	(hl+)
    0000014E 66               [ 8]  347 	ld	h, (hl)
    0000014F 6F               [ 4]  348 	ld	l, a
    00000150 19               [ 8]  349 	add	hl, de
    00000151 E5               [16]  350 	push	hl
    00000152 7D               [ 4]  351 	ld	a, l
    00000153 F8 1A            [12]  352 	ldhl	sp,	#26
    00000155 77               [ 8]  353 	ld	(hl), a
    00000156 E1               [12]  354 	pop	hl
    00000157 7C               [ 4]  355 	ld	a, h
    00000158 F8 19            [12]  356 	ldhl	sp,	#25
    0000015A 32               [ 8]  357 	ld	(hl-), a
    0000015B 2A               [ 8]  358 	ld	a, (hl+)
    0000015C 5F               [ 4]  359 	ld	e, a
    0000015D 56               [ 8]  360 	ld	d, (hl)
    0000015E 1A               [ 8]  361 	ld	a, (de)
    0000015F 4F               [ 4]  362 	ld	c, a
    00000160 13               [ 8]  363 	inc	de
    00000161 1A               [ 8]  364 	ld	a, (de)
    00000162 47               [ 4]  365 	ld	b, a
    00000163 B1               [ 4]  366 	or	a, c
    00000164 28 30            [12]  367 	jr	Z, 00102$
                                    368 ;src/gameplay.c:75: init_music_banked(level_songs[idx], song_bank[idx], l->timer_divider);
    00000166 F8 2C            [12]  369 	ldhl	sp,#44
    00000168 2A               [ 8]  370 	ld	a, (hl+)
    00000169 5F               [ 4]  371 	ld	e, a
    0000016A 56               [ 8]  372 	ld	d, (hl)
    0000016B 21 0F 00         [12]  373 	ld	hl, #0x000f
    0000016E 19               [ 8]  374 	add	hl, de
    0000016F 5D               [ 4]  375 	ld	e, l
    00000170 54               [ 4]  376 	ld	d, h
    00000171 1A               [ 8]  377 	ld	a, (de)
    00000172 F8 2F            [12]  378 	ldhl	sp,	#47
    00000174 77               [ 8]  379 	ld	(hl), a
    00000175 11r00r00         [12]  380 	ld	de, #_song_bank+0
    00000178 F8 36            [12]  381 	ldhl	sp,	#54
    0000017A 6E               [ 8]  382 	ld	l, (hl)
    0000017B 26 00            [ 8]  383 	ld	h, #0x00
    0000017D 19               [ 8]  384 	add	hl, de
    0000017E 5D               [ 4]  385 	ld	e, l
    0000017F 54               [ 4]  386 	ld	d, h
    00000180 1A               [ 8]  387 	ld	a, (de)
    00000181 D5               [16]  388 	push	de
    00000182 F8 31            [12]  389 	ldhl	sp,	#49
    00000184 66               [ 8]  390 	ld	h, (hl)
    00000185 E5               [16]  391 	push	hl
    00000186 33               [ 8]  392 	inc	sp
    00000187 59               [ 4]  393 	ld	e, c
    00000188 50               [ 4]  394 	ld	d, b
    00000189 CDr00r00         [24]  395 	call	_init_music_banked
    0000018C D1               [12]  396 	pop	de
                                    397 ;src/gameplay.c:76: current_song_bank = song_bank[idx];
    0000018D 1A               [ 8]  398 	ld	a, (de)
    0000018E EAr00r00         [16]  399 	ld	(#_current_song_bank),a
                                    400 ;src/gameplay.c:77: music_ready = 1;
    00000191 21r00r00         [12]  401 	ld	hl, #_music_ready
    00000194 36 01            [12]  402 	ld	(hl), #0x01
    00000196                        403 00102$:
                                    404 ;src/gameplay.c:80: uint16_t cam_px = 0;
    00000196 AF               [ 4]  405 	xor	a, a
    00000197 F8 2E            [12]  406 	ldhl	sp,	#46
    00000199 22               [ 8]  407 	ld	(hl+), a
    0000019A 77               [ 8]  408 	ld	(hl), a
                                    409 ;src/gameplay.c:81: uint16_t cam_py = 112;
    0000019B F8 1A            [12]  410 	ldhl	sp,	#26
    0000019D 3E 70            [ 8]  411 	ld	a, #0x70
    0000019F 22               [ 8]  412 	ld	(hl+), a
    000001A0 AF               [ 4]  413 	xor	a, a
    000001A1 77               [ 8]  414 	ld	(hl), a
                                    415 ;src/gameplay.c:82: uint16_t cam_py_max = (level_map_h << 4);
    000001A2 F8 15            [12]  416 	ldhl	sp,	#21
    000001A4 2A               [ 8]  417 	ld	a, (hl+)
    000001A5 4E               [ 8]  418 	ld	c, (hl)
    000001A6 87               [ 4]  419 	add	a, a
    000001A7 CB 11            [ 8]  420 	rl	c
    000001A9 87               [ 4]  421 	add	a, a
    000001AA CB 11            [ 8]  422 	rl	c
    000001AC 87               [ 4]  423 	add	a, a
    000001AD CB 11            [ 8]  424 	rl	c
    000001AF 87               [ 4]  425 	add	a, a
    000001B0 CB 11            [ 8]  426 	rl	c
                                    427 ;src/gameplay.c:83: if (cam_py_max > 144u) cam_py_max -= 144u;
    000001B2 F8 25            [12]  428 	ldhl	sp,	#37
    000001B4 22               [ 8]  429 	ld	(hl+), a
    000001B5 79               [ 4]  430 	ld	a, c
    000001B6 32               [ 8]  431 	ld	(hl-), a
    000001B7 3E 90            [ 8]  432 	ld	a, #0x90
    000001B9 96               [ 8]  433 	sub	a, (hl)
    000001BA 23               [ 8]  434 	inc	hl
    000001BB 3E 00            [ 8]  435 	ld	a, #0x00
    000001BD 9E               [ 8]  436 	sbc	a, (hl)
    000001BE 30 15            [12]  437 	jr	NC, 00104$
    000001C0 F8 25            [12]  438 	ldhl	sp,#37
    000001C2 2A               [ 8]  439 	ld	a, (hl+)
    000001C3 5F               [ 4]  440 	ld	e, a
    000001C4 56               [ 8]  441 	ld	d, (hl)
    000001C5 21 90 00         [12]  442 	ld	hl, #0x0090
    000001C8 7B               [ 4]  443 	ld	a, e
    000001C9 95               [ 4]  444 	sub	a, l
    000001CA 5F               [ 4]  445 	ld	e, a
    000001CB 7A               [ 4]  446 	ld	a, d
    000001CC 9C               [ 4]  447 	sbc	a, h
    000001CD 4B               [ 4]  448 	ld	c, e
    000001CE F8 1C            [12]  449 	ldhl	sp,	#28
    000001D0 71               [ 8]  450 	ld	(hl), c
    000001D1 23               [ 8]  451 	inc	hl
    000001D2 77               [ 8]  452 	ld	(hl), a
    000001D3 18 05            [12]  453 	jr	00105$
    000001D5                        454 00104$:
                                    455 ;src/gameplay.c:84: else cam_py_max = 0;
    000001D5 AF               [ 4]  456 	xor	a, a
    000001D6 F8 1C            [12]  457 	ldhl	sp,	#28
    000001D8 22               [ 8]  458 	ld	(hl+), a
    000001D9 77               [ 8]  459 	ld	(hl), a
    000001DA                        460 00105$:
                                    461 ;src/gameplay.c:85: uint16_t loaded_r = BKG_MT_W - 1;
    000001DA F8 1E            [12]  462 	ldhl	sp,	#30
    000001DC 3E 0F            [ 8]  463 	ld	a, #0x0f
    000001DE 22               [ 8]  464 	ld	(hl+), a
    000001DF AF               [ 4]  465 	xor	a, a
    000001E0 77               [ 8]  466 	ld	(hl), a
                                    467 ;src/gameplay.c:91: player_init(&player, 0, 240);
    000001E1 21 04 00         [12]  468 	ld	hl, #4
    000001E4 39               [ 8]  469 	add	hl, sp
    000001E5 11 F0 00         [12]  470 	ld	de, #0x00f0
    000001E8 D5               [16]  471 	push	de
    000001E9 11 00 00         [12]  472 	ld	de, #0x0000
    000001EC D5               [16]  473 	push	de
    000001ED E5               [16]  474 	push	hl
    000001EE 1Er00            [ 8]  475 	ld	e, #b_player_init
    000001F0 21r00r00         [12]  476 	ld	hl, #_player_init
    000001F3 CDr00r00         [24]  477 	call	___sdcc_bcall_ehl
    000001F6 E8 06            [16]  478 	add	sp, #6
                                    479 ;c:\gbdk\include\gb\gb.h:811: __asm__("di");
    000001F8 F3               [ 4]  480 	di
                                    481 ;src/gameplay.c:95: DISPLAY_OFF;
    000001F9 CDr00r00         [24]  482 	call	_display_off
                                    483 ;src/gameplay.c:96: load_bkg_tileset(level_tiles, level_tile_count, level_tiles_bank);
    000001FC F8 2B            [12]  484 	ldhl	sp,	#43
    000001FE 3A               [ 8]  485 	ld	a, (hl-)
    000001FF 2B               [ 8]  486 	dec	hl
    00000200 F5               [16]  487 	push	af
    00000201 33               [ 8]  488 	inc	sp
    00000202 2A               [ 8]  489 	ld	a, (hl+)
    00000203 4F               [ 4]  490 	ld	c, a
    00000204 46               [ 8]  491 	ld	b, (hl)
    00000205 F8 28            [12]  492 	ldhl	sp,	#40
    00000207 2A               [ 8]  493 	ld	a, (hl+)
    00000208 5F               [ 4]  494 	ld	e, a
    00000209 56               [ 8]  495 	ld	d, (hl)
    0000020A CDr00r00         [24]  496 	call	_load_bkg_tileset
                                    497 ;src/gameplay.c:98: set_sprite_data(0, 8, icon1_tiles);
    0000020D 11r00r00         [12]  498 	ld	de, #_icon1_tiles
    00000210 D5               [16]  499 	push	de
    00000211 21 00 08         [12]  500 	ld	hl, #0x800
    00000214 E5               [16]  501 	push	hl
    00000215 CDr00r00         [24]  502 	call	_set_sprite_data
    00000218 E8 04            [16]  503 	add	sp, #4
                                    504 ;src/gameplay.c:99: set_sprite_data(8, 4, ship_tiles);
    0000021A 11r00r00         [12]  505 	ld	de, #_ship_tiles
    0000021D D5               [16]  506 	push	de
    0000021E 21 08 04         [12]  507 	ld	hl, #0x408
    00000221 E5               [16]  508 	push	hl
    00000222 CDr00r00         [24]  509 	call	_set_sprite_data
    00000225 E8 04            [16]  510 	add	sp, #4
                                    511 ;c:\gbdk\include\gb\gb.h:1461: SCX_REG=x, SCY_REG=y;
    00000227 AF               [ 4]  512 	xor	a, a
    00000228 E0r00            [12]  513 	ldh	(_SCX_REG + 0), a
    0000022A 3E 70            [ 8]  514 	ld	a, #0x70
    0000022C E0r00            [12]  515 	ldh	(_SCY_REG + 0), a
                                    516 ;src/gameplay.c:102: fill_scroll_bg(level_map, level_map_w, level_map_h, level_map_bank);
    0000022E F8 17            [12]  517 	ldhl	sp,	#23
    00000230 3A               [ 8]  518 	ld	a, (hl-)
    00000231 2B               [ 8]  519 	dec	hl
    00000232 F5               [16]  520 	push	af
    00000233 33               [ 8]  521 	inc	sp
    00000234 2A               [ 8]  522 	ld	a, (hl+)
    00000235 5F               [ 4]  523 	ld	e, a
    00000236 56               [ 8]  524 	ld	d, (hl)
    00000237 D5               [16]  525 	push	de
    00000238 F8 16            [12]  526 	ldhl	sp,	#22
    0000023A 2A               [ 8]  527 	ld	a, (hl+)
    0000023B 4F               [ 4]  528 	ld	c, a
    0000023C 46               [ 8]  529 	ld	b, (hl)
    0000023D F8 14            [12]  530 	ldhl	sp,	#20
    0000023F 2A               [ 8]  531 	ld	a, (hl+)
    00000240 5F               [ 4]  532 	ld	e, a
    00000241 56               [ 8]  533 	ld	d, (hl)
    00000242 CDr00r00         [24]  534 	call	_fill_scroll_bg
                                    535 ;src/gameplay.c:104: BGP_REG = 0xE4;
    00000245 3E E4            [ 8]  536 	ld	a, #0xe4
    00000247 E0r00            [12]  537 	ldh	(_BGP_REG + 0), a
                                    538 ;src/gameplay.c:105: OBP0_REG = 0xE4;
    00000249 3E E4            [ 8]  539 	ld	a, #0xe4
    0000024B E0r00            [12]  540 	ldh	(_OBP0_REG + 0), a
                                    541 ;src/gameplay.c:106: SPRITES_8x16;
    0000024D F0r00            [12]  542 	ldh	a, (_LCDC_REG + 0)
    0000024F F6 04            [ 8]  543 	or	a, #0x04
    00000251 E0r00            [12]  544 	ldh	(_LCDC_REG + 0), a
                                    545 ;src/gameplay.c:108: SHOW_BKG;
    00000253 F0r00            [12]  546 	ldh	a, (_LCDC_REG + 0)
    00000255 F6 01            [ 8]  547 	or	a, #0x01
    00000257 E0r00            [12]  548 	ldh	(_LCDC_REG + 0), a
                                    549 ;src/gameplay.c:109: SHOW_SPRITES;
    00000259 F0r00            [12]  550 	ldh	a, (_LCDC_REG + 0)
    0000025B F6 02            [ 8]  551 	or	a, #0x02
    0000025D E0r00            [12]  552 	ldh	(_LCDC_REG + 0), a
                                    553 ;src/gameplay.c:110: DISPLAY_ON;
    0000025F F0r00            [12]  554 	ldh	a, (_LCDC_REG + 0)
    00000261 F6 80            [ 8]  555 	or	a, #0x80
    00000263 E0r00            [12]  556 	ldh	(_LCDC_REG + 0), a
                                    557 ;src/gameplay.c:112: TAC_REG = 0x04; // Start the timer metronome!
    00000265 3E 04            [ 8]  558 	ld	a, #0x04
    00000267 E0r00            [12]  559 	ldh	(_TAC_REG + 0), a
                                    560 ;c:\gbdk\include\gb\gb.h:795: __asm__("ei");
    00000269 FB               [ 4]  561 	ei
                                    562 ;src/gameplay.c:117: uint16_t scroll_acc = 0;
    0000026A F8 20            [12]  563 	ldhl	sp,	#32
                                    564 ;src/gameplay.c:118: uint8_t prev_joy = 0;
    0000026C AF               [ 4]  565 	xor	a, a
    0000026D 22               [ 8]  566 	ld	(hl+), a
    0000026E 77               [ 8]  567 	ld	(hl), a
                                    568 ;src/gameplay.c:119: while (1) {
    0000026F F8 36            [12]  569 	ldhl	sp,	#54
    00000271 7E               [ 8]  570 	ld	a, (hl)
    00000272 3D               [ 4]  571 	dec	a
    00000273 3E 01            [ 8]  572 	ld	a, #0x01
    00000275 28 01            [12]  573 	jr	Z, 00501$
    00000277 AF               [ 4]  574 	xor	a, a
    00000278                        575 00501$:
    00000278 F8 22            [12]  576 	ldhl	sp,	#34
    0000027A 77               [ 8]  577 	ld	(hl), a
    0000027B F8 36            [12]  578 	ldhl	sp,	#54
    0000027D 7E               [ 8]  579 	ld	a, (hl)
    0000027E D6 02            [ 8]  580 	sub	a, #0x02
    00000280 3E 01            [ 8]  581 	ld	a, #0x01
    00000282 28 01            [12]  582 	jr	Z, 00503$
    00000284 AF               [ 4]  583 	xor	a, a
    00000285                        584 00503$:
    00000285 F8 23            [12]  585 	ldhl	sp,	#35
    00000287 77               [ 8]  586 	ld	(hl), a
    00000288 F8 36            [12]  587 	ldhl	sp,	#54
    0000028A 7E               [ 8]  588 	ld	a, (hl)
    0000028B D6 03            [ 8]  589 	sub	a, #0x03
    0000028D 3E 01            [ 8]  590 	ld	a, #0x01
    0000028F 28 01            [12]  591 	jr	Z, 00505$
    00000291 AF               [ 4]  592 	xor	a, a
    00000292                        593 00505$:
    00000292 F8 24            [12]  594 	ldhl	sp,	#36
    00000294 77               [ 8]  595 	ld	(hl), a
    00000295 F8 2C            [12]  596 	ldhl	sp,#44
    00000297 2A               [ 8]  597 	ld	a, (hl+)
    00000298 5F               [ 4]  598 	ld	e, a
    00000299 56               [ 8]  599 	ld	d, (hl)
    0000029A 21 0F 00         [12]  600 	ld	hl, #0x000f
    0000029D 19               [ 8]  601 	add	hl, de
    0000029E E5               [16]  602 	push	hl
    0000029F 7D               [ 4]  603 	ld	a, l
    000002A0 F8 27            [12]  604 	ldhl	sp,	#39
    000002A2 77               [ 8]  605 	ld	(hl), a
    000002A3 E1               [12]  606 	pop	hl
    000002A4 7C               [ 4]  607 	ld	a, h
    000002A5 F8 26            [12]  608 	ldhl	sp,	#38
    000002A7 77               [ 8]  609 	ld	(hl), a
    000002A8 11r00r00         [12]  610 	ld	de, #_song_bank
    000002AB F8 36            [12]  611 	ldhl	sp,	#54
    000002AD 6E               [ 8]  612 	ld	l, (hl)
    000002AE 26 00            [ 8]  613 	ld	h, #0x00
    000002B0 19               [ 8]  614 	add	hl, de
    000002B1 E5               [16]  615 	push	hl
    000002B2 7D               [ 4]  616 	ld	a, l
    000002B3 F8 29            [12]  617 	ldhl	sp,	#41
    000002B5 77               [ 8]  618 	ld	(hl), a
    000002B6 E1               [12]  619 	pop	hl
    000002B7 7C               [ 4]  620 	ld	a, h
    000002B8 F8 28            [12]  621 	ldhl	sp,	#40
    000002BA 77               [ 8]  622 	ld	(hl), a
    000002BB                        623 00185$:
                                    624 ;src/gameplay.c:120: uint8_t joy = joypad();
    000002BB CDr00r00         [24]  625 	call	_joypad
    000002BE F8 2D            [12]  626 	ldhl	sp,	#45
    000002C0 77               [ 8]  627 	ld	(hl), a
                                    628 ;src/gameplay.c:121: if (joy & J_START) break;
    000002C1 E5               [16]  629 	push	hl
    000002C2 F8 2F            [12]  630 	ldhl	sp,	#47
    000002C4 CB 7E            [12]  631 	bit	7, (hl)
    000002C6 E1               [12]  632 	pop	hl
    000002C7 C2r81r07         [16]  633 	jp	NZ, 00186$
                                    634 ;src/gameplay.c:124: if ((joy & J_B) && !(prev_joy & J_B)) {
    000002CA E5               [16]  635 	push	hl
    000002CB F8 2F            [12]  636 	ldhl	sp,	#47
    000002CD CB 6E            [12]  637 	bit	5, (hl)
    000002CF E1               [12]  638 	pop	hl
    000002D0 28 12            [12]  639 	jr	Z, 00109$
    000002D2 E5               [16]  640 	push	hl
    000002D3 F8 23            [12]  641 	ldhl	sp,	#35
    000002D5 CB 6E            [12]  642 	bit	5, (hl)
    000002D7 E1               [12]  643 	pop	hl
    000002D8 20 0A            [12]  644 	jr	NZ, 00109$
                                    645 ;src/gameplay.c:125: player_noclip = !player_noclip;
    000002DA 21r00r00         [12]  646 	ld	hl, #_player_noclip
    000002DD 7E               [ 8]  647 	ld	a, (hl)
    000002DE D6 01            [ 8]  648 	sub	a, #0x01
    000002E0 3E 00            [ 8]  649 	ld	a, #0x00
    000002E2 17               [ 4]  650 	rla
    000002E3 77               [ 8]  651 	ld	(hl), a
    000002E4                        652 00109$:
                                    653 ;src/gameplay.c:127: prev_joy = joy;
    000002E4 F8 2D            [12]  654 	ldhl	sp,	#45
    000002E6 7E               [ 8]  655 	ld	a, (hl)
    000002E7 F8 21            [12]  656 	ldhl	sp,	#33
    000002E9 77               [ 8]  657 	ld	(hl), a
                                    658 ;src/gameplay.c:130: uint16_t px_prev = cam_px >> 4;
    000002EA F8 2E            [12]  659 	ldhl	sp,#46
    000002EC 2A               [ 8]  660 	ld	a, (hl+)
    000002ED 4F               [ 4]  661 	ld	c, a
    000002EE 46               [ 8]  662 	ld	b, (hl)
    000002EF CB 38            [ 8]  663 	srl	b
    000002F1 CB 19            [ 8]  664 	rr	c
    000002F3 CB 38            [ 8]  665 	srl	b
    000002F5 CB 19            [ 8]  666 	rr	c
    000002F7 CB 38            [ 8]  667 	srl	b
    000002F9 CB 19            [ 8]  668 	rr	c
    000002FB CB 38            [ 8]  669 	srl	b
    000002FD CB 19            [ 8]  670 	rr	c
                                    671 ;src/gameplay.c:131: uint8_t needs_render = 0;
    000002FF F8 2A            [12]  672 	ldhl	sp,	#42
                                    673 ;src/gameplay.c:132: uint16_t need_col = 0;
    00000301 AF               [ 4]  674 	xor	a, a
    00000302 22               [ 8]  675 	ld	(hl+), a
    00000303 22               [ 8]  676 	ld	(hl+), a
    00000304 77               [ 8]  677 	ld	(hl), a
                                    678 ;src/gameplay.c:134: if (cam_px < ((level_map_w - VIEW_MT_W) << 4)) {
    00000305 F8 13            [12]  679 	ldhl	sp,	#19
    00000307 2A               [ 8]  680 	ld	a, (hl+)
    00000308 5E               [ 8]  681 	ld	e, (hl)
    00000309 C6 F6            [ 8]  682 	add	a, #0xf6
    0000030B 6F               [ 4]  683 	ld	l, a
    0000030C 7B               [ 4]  684 	ld	a, e
    0000030D CE FF            [ 8]  685 	adc	a, #0xff
    0000030F 67               [ 4]  686 	ld	h, a
    00000310 29               [ 8]  687 	add	hl, hl
    00000311 29               [ 8]  688 	add	hl, hl
    00000312 29               [ 8]  689 	add	hl, hl
    00000313 29               [ 8]  690 	add	hl, hl
    00000314 5D               [ 4]  691 	ld	e, l
    00000315 54               [ 4]  692 	ld	d, h
    00000316 F8 2E            [12]  693 	ldhl	sp,	#46
    00000318 7E               [ 8]  694 	ld	a, (hl)
    00000319 F8 02            [12]  695 	ldhl	sp,	#2
    0000031B 77               [ 8]  696 	ld	(hl), a
    0000031C F8 2F            [12]  697 	ldhl	sp,	#47
    0000031E 7E               [ 8]  698 	ld	a, (hl)
    0000031F F8 03            [12]  699 	ldhl	sp,	#3
    00000321 32               [ 8]  700 	ld	(hl-), a
    00000322 2A               [ 8]  701 	ld	a, (hl+)
    00000323 93               [ 4]  702 	sub	a, e
    00000324 7E               [ 8]  703 	ld	a, (hl)
    00000325 9A               [ 4]  704 	sbc	a, d
    00000326 30 65            [12]  705 	jr	NC, 00117$
                                    706 ;src/gameplay.c:135: scroll_acc += SCROLL_SPEED_FP;
    00000328 F8 20            [12]  707 	ldhl	sp,	#32
    0000032A 5E               [ 8]  708 	ld	e, (hl)
    0000032B 16 00            [ 8]  709 	ld	d, #0x00
    0000032D 21 5C 03         [12]  710 	ld	hl, #0x035c
    00000330 19               [ 8]  711 	add	hl, de
    00000331 5D               [ 4]  712 	ld	e, l
    00000332 54               [ 4]  713 	ld	d, h
                                    714 ;src/gameplay.c:136: cam_px += scroll_acc >> 8;
    00000333 F8 02            [12]  715 	ldhl	sp,	#2
    00000335 7A               [ 4]  716 	ld	a, d
    00000336 22               [ 8]  717 	ld	(hl+), a
    00000337 AF               [ 4]  718 	xor	a, a
    00000338 32               [ 8]  719 	ld	(hl-), a
    00000339 D5               [16]  720 	push	de
    0000033A 2A               [ 8]  721 	ld	a, (hl+)
    0000033B 5F               [ 4]  722 	ld	e, a
    0000033C 56               [ 8]  723 	ld	d, (hl)
    0000033D F8 30            [12]  724 	ldhl	sp,	#48
    0000033F 2A               [ 8]  725 	ld	a,	(hl+)
    00000340 66               [ 8]  726 	ld	h, (hl)
    00000341 6F               [ 4]  727 	ld	l, a
    00000342 19               [ 8]  728 	add	hl, de
    00000343 D1               [12]  729 	pop	de
    00000344 E5               [16]  730 	push	hl
    00000345 7D               [ 4]  731 	ld	a, l
    00000346 F8 30            [12]  732 	ldhl	sp,	#48
    00000348 77               [ 8]  733 	ld	(hl), a
    00000349 E1               [12]  734 	pop	hl
    0000034A 7C               [ 4]  735 	ld	a, h
    0000034B F8 2F            [12]  736 	ldhl	sp,	#47
    0000034D 77               [ 8]  737 	ld	(hl), a
                                    738 ;src/gameplay.c:137: scroll_acc &= 0xFF;
    0000034E F8 20            [12]  739 	ldhl	sp,	#32
    00000350 73               [ 8]  740 	ld	(hl), e
                                    741 ;src/gameplay.c:138: uint16_t px_curr = cam_px >> 4;
    00000351 F8 2E            [12]  742 	ldhl	sp,#46
    00000353 2A               [ 8]  743 	ld	a, (hl+)
    00000354 5F               [ 4]  744 	ld	e, a
    00000355 56               [ 8]  745 	ld	d, (hl)
    00000356 CB 3A            [ 8]  746 	srl	d
    00000358 CB 1B            [ 8]  747 	rr	e
    0000035A CB 3A            [ 8]  748 	srl	d
    0000035C CB 1B            [ 8]  749 	rr	e
    0000035E CB 3A            [ 8]  750 	srl	d
    00000360 CB 1B            [ 8]  751 	rr	e
    00000362 CB 3A            [ 8]  752 	srl	d
    00000364 CB 1B            [ 8]  753 	rr	e
                                    754 ;src/gameplay.c:139: if (px_curr != px_prev) {
    00000366 7B               [ 4]  755 	ld	a, e
    00000367 91               [ 4]  756 	sub	a, c
    00000368 20 04            [12]  757 	jr	NZ, 00511$
    0000036A 7A               [ 4]  758 	ld	a, d
    0000036B 90               [ 4]  759 	sub	a, b
    0000036C 28 1F            [12]  760 	jr	Z, 00117$
    0000036E                        761 00511$:
                                    762 ;src/gameplay.c:140: uint16_t need = px_curr + VIEW_MT_W;
    0000036E 21 0A 00         [12]  763 	ld	hl, #0x000a
    00000371 19               [ 8]  764 	add	hl, de
    00000372 4D               [ 4]  765 	ld	c, l
    00000373 44               [ 4]  766 	ld	b, h
                                    767 ;src/gameplay.c:141: if (need > loaded_r && need < level_map_w) {
    00000374 F8 1E            [12]  768 	ldhl	sp,	#30
    00000376 2A               [ 8]  769 	ld	a, (hl+)
    00000377 91               [ 4]  770 	sub	a, c
    00000378 7E               [ 8]  771 	ld	a, (hl)
    00000379 98               [ 4]  772 	sbc	a, b
    0000037A 30 11            [12]  773 	jr	NC, 00117$
    0000037C F8 13            [12]  774 	ldhl	sp,	#19
    0000037E 79               [ 4]  775 	ld	a, c
    0000037F 96               [ 8]  776 	sub	a, (hl)
    00000380 23               [ 8]  777 	inc	hl
    00000381 78               [ 4]  778 	ld	a, b
    00000382 9E               [ 8]  779 	sbc	a, (hl)
    00000383 30 08            [12]  780 	jr	NC, 00117$
                                    781 ;src/gameplay.c:142: needs_render = 1;
    00000385 F8 2A            [12]  782 	ldhl	sp,	#42
                                    783 ;src/gameplay.c:143: need_col = need;
    00000387 3E 01            [ 8]  784 	ld	a, #0x01
    00000389 22               [ 8]  785 	ld	(hl+), a
    0000038A 79               [ 4]  786 	ld	a, c
    0000038B 22               [ 8]  787 	ld	(hl+), a
    0000038C 70               [ 8]  788 	ld	(hl), b
    0000038D                        789 00117$:
                                    790 ;src/gameplay.c:148: player.world_x = cam_px;
    0000038D F8 2E            [12]  791 	ldhl	sp,	#46
    0000038F 7E               [ 8]  792 	ld	a, (hl)
    00000390 F8 04            [12]  793 	ldhl	sp,	#4
    00000392 77               [ 8]  794 	ld	(hl), a
    00000393 F8 2F            [12]  795 	ldhl	sp,	#47
    00000395 7E               [ 8]  796 	ld	a, (hl)
    00000396 F8 05            [12]  797 	ldhl	sp,	#5
    00000398 77               [ 8]  798 	ld	(hl), a
                                    799 ;src/gameplay.c:151: if (idx == 0) {
    00000399 F8 36            [12]  800 	ldhl	sp,	#54
    0000039B 7E               [ 8]  801 	ld	a, (hl)
    0000039C B7               [ 4]  802 	or	a, a
    0000039D 20 40            [12]  803 	jr	NZ, 00127$
                                    804 ;src/gameplay.c:152: uint16_t col = (player.world_x + 8) >> 4;
    0000039F F8 04            [12]  805 	ldhl	sp,	#4
    000003A1 2A               [ 8]  806 	ld	a, (hl+)
    000003A2 4F               [ 4]  807 	ld	c, a
    000003A3 46               [ 8]  808 	ld	b, (hl)
    000003A4 21 08 00         [12]  809 	ld	hl, #0x0008
    000003A7 09               [ 8]  810 	add	hl, bc
    000003A8 AF               [ 4]  811 	xor	a, a
    000003A9 29               [ 8]  812 	add	hl, hl
    000003AA 17               [ 4]  813 	rla
    000003AB 29               [ 8]  814 	add	hl, hl
    000003AC 17               [ 4]  815 	rla
    000003AD 29               [ 8]  816 	add	hl, hl
    000003AE 17               [ 4]  817 	rla
    000003AF 29               [ 8]  818 	add	hl, hl
    000003B0 17               [ 4]  819 	rla
    000003B1 47               [ 4]  820 	ld	b, a
                                    821 ;src/gameplay.c:153: if (col == 266) player.mode = MODE_SHIP; // 266
    000003B2 4C               [ 4]  822 	ld	c, h
    000003B3 79               [ 4]  823 	ld	a, c
    000003B4 D6 0A            [ 8]  824 	sub	a, #0x0a
    000003B6 20 0A            [12]  825 	jr	NZ, 00124$
    000003B8 78               [ 4]  826 	ld	a, b
    000003B9 3D               [ 4]  827 	dec	a
    000003BA 20 06            [12]  828 	jr	NZ, 00124$
    000003BC F8 0D            [12]  829 	ldhl	sp,	#13
    000003BE 36 01            [12]  830 	ld	(hl), #0x01
    000003C0 18 1D            [12]  831 	jr	00127$
    000003C2                        832 00124$:
                                    833 ;src/gameplay.c:154: else if (col == 418) player.mode = MODE_CUBE;
    000003C2 79               [ 4]  834 	ld	a, c
    000003C3 D6 A2            [ 8]  835 	sub	a, #0xa2
    000003C5 20 0A            [12]  836 	jr	NZ, 00121$
    000003C7 78               [ 4]  837 	ld	a, b
    000003C8 3D               [ 4]  838 	dec	a
    000003C9 20 06            [12]  839 	jr	NZ, 00121$
    000003CB F8 0D            [12]  840 	ldhl	sp,	#13
    000003CD 36 00            [12]  841 	ld	(hl), #0x00
    000003CF 18 0E            [12]  842 	jr	00127$
    000003D1                        843 00121$:
                                    844 ;src/gameplay.c:155: else if (col == 763) player.mode = MODE_SHIP;
    000003D1 79               [ 4]  845 	ld	a, c
    000003D2 D6 FB            [ 8]  846 	sub	a, #0xfb
    000003D4 20 09            [12]  847 	jr	NZ, 00127$
    000003D6 78               [ 4]  848 	ld	a, b
    000003D7 D6 02            [ 8]  849 	sub	a, #0x02
    000003D9 20 04            [12]  850 	jr	NZ, 00127$
    000003DB F8 0D            [12]  851 	ldhl	sp,	#13
    000003DD 36 01            [12]  852 	ld	(hl), #0x01
    000003DF                        853 00127$:
                                    854 ;src/gameplay.c:158: if (idx == 1) {
    000003DF F8 22            [12]  855 	ldhl	sp,	#34
    000003E1 7E               [ 8]  856 	ld	a, (hl)
    000003E2 B7               [ 4]  857 	or	a, a
    000003E3 28 31            [12]  858 	jr	Z, 00134$
                                    859 ;src/gameplay.c:159: uint16_t col = (player.world_x + 8) >> 4;
    000003E5 F8 04            [12]  860 	ldhl	sp,	#4
    000003E7 2A               [ 8]  861 	ld	a, (hl+)
    000003E8 4F               [ 4]  862 	ld	c, a
    000003E9 46               [ 8]  863 	ld	b, (hl)
    000003EA 21 08 00         [12]  864 	ld	hl, #0x0008
    000003ED 09               [ 8]  865 	add	hl, bc
    000003EE AF               [ 4]  866 	xor	a, a
    000003EF 29               [ 8]  867 	add	hl, hl
    000003F0 17               [ 4]  868 	rla
    000003F1 29               [ 8]  869 	add	hl, hl
    000003F2 17               [ 4]  870 	rla
    000003F3 29               [ 8]  871 	add	hl, hl
    000003F4 17               [ 4]  872 	rla
    000003F5 29               [ 8]  873 	add	hl, hl
    000003F6 17               [ 4]  874 	rla
    000003F7 47               [ 4]  875 	ld	b, a
                                    876 ;src/gameplay.c:160: if (col == 421) player.mode = MODE_SHIP;
    000003F8 4C               [ 4]  877 	ld	c, h
    000003F9 79               [ 4]  878 	ld	a, c
    000003FA D6 A5            [ 8]  879 	sub	a, #0xa5
    000003FC 20 0A            [12]  880 	jr	NZ, 00131$
    000003FE 78               [ 4]  881 	ld	a, b
    000003FF 3D               [ 4]  882 	dec	a
    00000400 20 06            [12]  883 	jr	NZ, 00131$
    00000402 F8 0D            [12]  884 	ldhl	sp,	#13
    00000404 36 01            [12]  885 	ld	(hl), #0x01
    00000406 18 0E            [12]  886 	jr	00134$
    00000408                        887 00131$:
                                    888 ;src/gameplay.c:161: else if (col == 559) player.mode = MODE_CUBE;
    00000408 79               [ 4]  889 	ld	a, c
    00000409 D6 2F            [ 8]  890 	sub	a, #0x2f
    0000040B 20 09            [12]  891 	jr	NZ, 00134$
    0000040D 78               [ 4]  892 	ld	a, b
    0000040E D6 02            [ 8]  893 	sub	a, #0x02
    00000410 20 04            [12]  894 	jr	NZ, 00134$
    00000412 F8 0D            [12]  895 	ldhl	sp,	#13
    00000414 36 00            [12]  896 	ld	(hl), #0x00
    00000416                        897 00134$:
                                    898 ;src/gameplay.c:164: if (idx == 2) {
    00000416 F8 23            [12]  899 	ldhl	sp,	#35
    00000418 7E               [ 8]  900 	ld	a, (hl)
    00000419 B7               [ 4]  901 	or	a, a
    0000041A 28 2F            [12]  902 	jr	Z, 00141$
                                    903 ;src/gameplay.c:165: uint16_t col = (player.world_x + 8) >> 4;
    0000041C F8 04            [12]  904 	ldhl	sp,	#4
    0000041E 2A               [ 8]  905 	ld	a, (hl+)
    0000041F 4F               [ 4]  906 	ld	c, a
    00000420 46               [ 8]  907 	ld	b, (hl)
    00000421 21 08 00         [12]  908 	ld	hl, #0x0008
    00000424 09               [ 8]  909 	add	hl, bc
    00000425 AF               [ 4]  910 	xor	a, a
    00000426 29               [ 8]  911 	add	hl, hl
    00000427 17               [ 4]  912 	rla
    00000428 29               [ 8]  913 	add	hl, hl
    00000429 17               [ 4]  914 	rla
    0000042A 29               [ 8]  915 	add	hl, hl
    0000042B 17               [ 4]  916 	rla
    0000042C 29               [ 8]  917 	add	hl, hl
    0000042D 17               [ 4]  918 	rla
    0000042E 47               [ 4]  919 	ld	b, a
                                    920 ;src/gameplay.c:166: if (col == 321) player.mode = MODE_SHIP;
    0000042F 4C               [ 4]  921 	ld	c, h
    00000430 79               [ 4]  922 	ld	a, c
    00000431 D6 41            [ 8]  923 	sub	a, #0x41
    00000433 20 0A            [12]  924 	jr	NZ, 00138$
    00000435 78               [ 4]  925 	ld	a, b
    00000436 3D               [ 4]  926 	dec	a
    00000437 20 06            [12]  927 	jr	NZ, 00138$
    00000439 F8 0D            [12]  928 	ldhl	sp,	#13
    0000043B 36 01            [12]  929 	ld	(hl), #0x01
    0000043D 18 0C            [12]  930 	jr	00141$
    0000043F                        931 00138$:
                                    932 ;src/gameplay.c:167: else if (col == 443) player.mode = MODE_CUBE;
    0000043F 79               [ 4]  933 	ld	a, c
    00000440 D6 BB            [ 8]  934 	sub	a, #0xbb
    00000442 20 07            [12]  935 	jr	NZ, 00141$
    00000444 05               [ 4]  936 	dec	b
    00000445 20 04            [12]  937 	jr	NZ, 00141$
    00000447 F8 0D            [12]  938 	ldhl	sp,	#13
    00000449 36 00            [12]  939 	ld	(hl), #0x00
    0000044B                        940 00141$:
                                    941 ;src/gameplay.c:170: if (idx == 3) {
    0000044B F8 24            [12]  942 	ldhl	sp,	#36
    0000044D 7E               [ 8]  943 	ld	a, (hl)
    0000044E B7               [ 4]  944 	or	a, a
    0000044F 28 50            [12]  945 	jr	Z, 00154$
                                    946 ;src/gameplay.c:171: uint16_t col = (player.world_x + 8) >> 4;
    00000451 F8 04            [12]  947 	ldhl	sp,	#4
    00000453 2A               [ 8]  948 	ld	a, (hl+)
    00000454 4F               [ 4]  949 	ld	c, a
    00000455 46               [ 8]  950 	ld	b, (hl)
    00000456 21 08 00         [12]  951 	ld	hl, #0x0008
    00000459 09               [ 8]  952 	add	hl, bc
    0000045A AF               [ 4]  953 	xor	a, a
    0000045B 29               [ 8]  954 	add	hl, hl
    0000045C 17               [ 4]  955 	rla
    0000045D 29               [ 8]  956 	add	hl, hl
    0000045E 17               [ 4]  957 	rla
    0000045F 29               [ 8]  958 	add	hl, hl
    00000460 17               [ 4]  959 	rla
    00000461 29               [ 8]  960 	add	hl, hl
    00000462 17               [ 4]  961 	rla
    00000463 47               [ 4]  962 	ld	b, a
                                    963 ;src/gameplay.c:172: if (col == 292) player.gravity_flipped = 1;
    00000464 4C               [ 4]  964 	ld	c, h
    00000465 79               [ 4]  965 	ld	a, c
    00000466 D6 24            [ 8]  966 	sub	a, #0x24
    00000468 20 0A            [12]  967 	jr	NZ, 00151$
    0000046A 78               [ 4]  968 	ld	a, b
    0000046B 3D               [ 4]  969 	dec	a
    0000046C 20 06            [12]  970 	jr	NZ, 00151$
    0000046E F8 0C            [12]  971 	ldhl	sp,	#12
    00000470 36 01            [12]  972 	ld	(hl), #0x01
    00000472 18 2D            [12]  973 	jr	00154$
    00000474                        974 00151$:
                                    975 ;src/gameplay.c:173: else if (col == 429) player.gravity_flipped = 0;
    00000474 79               [ 4]  976 	ld	a, c
    00000475 D6 AD            [ 8]  977 	sub	a, #0xad
    00000477 20 0A            [12]  978 	jr	NZ, 00148$
    00000479 78               [ 4]  979 	ld	a, b
    0000047A 3D               [ 4]  980 	dec	a
    0000047B 20 06            [12]  981 	jr	NZ, 00148$
    0000047D F8 0C            [12]  982 	ldhl	sp,	#12
    0000047F 36 00            [12]  983 	ld	(hl), #0x00
    00000481 18 1E            [12]  984 	jr	00154$
    00000483                        985 00148$:
                                    986 ;src/gameplay.c:174: else if (col == 566) player.mode = MODE_SHIP;
    00000483 79               [ 4]  987 	ld	a, c
    00000484 D6 36            [ 8]  988 	sub	a, #0x36
    00000486 20 0B            [12]  989 	jr	NZ, 00145$
    00000488 78               [ 4]  990 	ld	a, b
    00000489 D6 02            [ 8]  991 	sub	a, #0x02
    0000048B 20 06            [12]  992 	jr	NZ, 00145$
    0000048D F8 0D            [12]  993 	ldhl	sp,	#13
    0000048F 36 01            [12]  994 	ld	(hl), #0x01
    00000491 18 0E            [12]  995 	jr	00154$
    00000493                        996 00145$:
                                    997 ;src/gameplay.c:175: else if (col == 707) player.mode = MODE_CUBE;
    00000493 79               [ 4]  998 	ld	a, c
    00000494 D6 C3            [ 8]  999 	sub	a, #0xc3
    00000496 20 09            [12] 1000 	jr	NZ, 00154$
    00000498 78               [ 4] 1001 	ld	a, b
    00000499 D6 02            [ 8] 1002 	sub	a, #0x02
    0000049B 20 04            [12] 1003 	jr	NZ, 00154$
    0000049D F8 0D            [12] 1004 	ldhl	sp,	#13
    0000049F 36 00            [12] 1005 	ld	(hl), #0x00
    000004A1                       1006 00154$:
                                   1007 ;src/gameplay.c:91: player_init(&player, 0, 240);
                                   1008 ;src/gameplay.c:179: died = player_update(&player, joy, level_map, level_map_w, level_map_h, level_map_bank);
    000004A1 F8 17            [12] 1009 	ldhl	sp,	#23
    000004A3 3A               [ 8] 1010 	ld	a, (hl-)
    000004A4 2B               [ 8] 1011 	dec	hl
    000004A5 F5               [16] 1012 	push	af
    000004A6 33               [ 8] 1013 	inc	sp
    000004A7 2A               [ 8] 1014 	ld	a, (hl+)
    000004A8 5F               [ 4] 1015 	ld	e, a
    000004A9 56               [ 8] 1016 	ld	d, (hl)
    000004AA D5               [16] 1017 	push	de
    000004AB F8 16            [12] 1018 	ldhl	sp,	#22
    000004AD 2A               [ 8] 1019 	ld	a, (hl+)
    000004AE 5F               [ 4] 1020 	ld	e, a
    000004AF 56               [ 8] 1021 	ld	d, (hl)
    000004B0 D5               [16] 1022 	push	de
    000004B1 F8 16            [12] 1023 	ldhl	sp,	#22
    000004B3 2A               [ 8] 1024 	ld	a, (hl+)
    000004B4 5F               [ 4] 1025 	ld	e, a
    000004B5 56               [ 8] 1026 	ld	d, (hl)
    000004B6 D5               [16] 1027 	push	de
    000004B7 F8 34            [12] 1028 	ldhl	sp,	#52
    000004B9 7E               [ 8] 1029 	ld	a, (hl)
    000004BA F5               [16] 1030 	push	af
    000004BB 33               [ 8] 1031 	inc	sp
    000004BC 21 0C 00         [12] 1032 	ld	hl, #12
    000004BF 39               [ 8] 1033 	add	hl, sp
    000004C0 5D               [ 4] 1034 	ld	e, l
    000004C1 54               [ 4] 1035 	ld	d, h
    000004C2 D5               [16] 1036 	push	de
    000004C3 1Er00            [ 8] 1037 	ld	e, #b_player_update
    000004C5 21r00r00         [12] 1038 	ld	hl, #_player_update
    000004C8 CDr00r00         [24] 1039 	call	___sdcc_bcall_ehl
    000004CB E8 0A            [16] 1040 	add	sp, #10
    000004CD F8 29            [12] 1041 	ldhl	sp,	#41
    000004CF 77               [ 8] 1042 	ld	(hl), a
                                   1043 ;src/gameplay.c:182: py = player_screen_y(&player, cam_py);
    000004D0 F8 1A            [12] 1044 	ldhl	sp,	#26
    000004D2 5E               [ 8] 1045 	ld	e, (hl)
    000004D3 23               [ 8] 1046 	inc	hl
    000004D4 56               [ 8] 1047 	ld	d, (hl)
    000004D5 D5               [16] 1048 	push	de
    000004D6 21 06 00         [12] 1049 	ld	hl, #6
    000004D9 39               [ 8] 1050 	add	hl, sp
    000004DA 5D               [ 4] 1051 	ld	e, l
    000004DB 54               [ 4] 1052 	ld	d, h
    000004DC D5               [16] 1053 	push	de
    000004DD 1Er00            [ 8] 1054 	ld	e, #b_player_screen_y
    000004DF 21r00r00         [12] 1055 	ld	hl, #_player_screen_y
    000004E2 CDr00r00         [24] 1056 	call	___sdcc_bcall_ehl
                                   1057 ;src/gameplay.c:183: if (py < CAM_Y_TOP_ZONE) {
    000004E5 E8 06            [16] 1058 	add	sp, #6
    000004E7 C5               [16] 1059 	push	bc
                                   1060 ;src/gameplay.c:186: if ((uint16_t)target_cam_py > cam_py_max) target_cam_py = (int16_t)cam_py_max;
    000004E8 F8 1C            [12] 1061 	ldhl	sp,	#28
    000004EA 7E               [ 8] 1062 	ld	a, (hl)
    000004EB F8 02            [12] 1063 	ldhl	sp,	#2
    000004ED 77               [ 8] 1064 	ld	(hl), a
    000004EE F8 1D            [12] 1065 	ldhl	sp,	#29
    000004F0 7E               [ 8] 1066 	ld	a, (hl)
    000004F1 F8 03            [12] 1067 	ldhl	sp,	#3
    000004F3 77               [ 8] 1068 	ld	(hl), a
                                   1069 ;src/gameplay.c:183: if (py < CAM_Y_TOP_ZONE) {
    000004F4 F8 00            [12] 1070 	ldhl	sp,	#0
    000004F6 2A               [ 8] 1071 	ld	a, (hl+)
    000004F7 D6 14            [ 8] 1072 	sub	a, #0x14
    000004F9 7E               [ 8] 1073 	ld	a, (hl)
    000004FA DE 00            [ 8] 1074 	sbc	a, #0x00
    000004FC 56               [ 8] 1075 	ld	d, (hl)
    000004FD 3E 00            [ 8] 1076 	ld	a, #0x00
    000004FF CB 7F            [ 8] 1077 	bit	7,a
    00000501 28 07            [12] 1078 	jr	Z, 00534$
    00000503 CB 7A            [ 8] 1079 	bit	7, d
    00000505 20 08            [12] 1080 	jr	NZ, 00535$
    00000507 BF               [ 4] 1081 	cp	a, a
    00000508 18 05            [12] 1082 	jr	00535$
    0000050A                       1083 00534$:
    0000050A CB 7A            [ 8] 1084 	bit	7, d
    0000050C 28 01            [12] 1085 	jr	Z, 00535$
    0000050E 37               [ 4] 1086 	scf
    0000050F                       1087 00535$:
    0000050F 30 34            [12] 1088 	jr	NC, 00166$
                                   1089 ;src/gameplay.c:184: int16_t target_cam_py = player.world_y - CAM_Y_TOP_ZONE;
    00000511 F8 06            [12] 1090 	ldhl	sp,	#6
    00000513 2A               [ 8] 1091 	ld	a, (hl+)
    00000514 4F               [ 4] 1092 	ld	c, a
    00000515 46               [ 8] 1093 	ld	b, (hl)
    00000516 79               [ 4] 1094 	ld	a, c
    00000517 C6 EC            [ 8] 1095 	add	a, #0xec
    00000519 4F               [ 4] 1096 	ld	c, a
    0000051A 78               [ 4] 1097 	ld	a, b
    0000051B CE FF            [ 8] 1098 	adc	a, #0xff
    0000051D F8 1A            [12] 1099 	ldhl	sp,	#26
    0000051F 71               [ 8] 1100 	ld	(hl), c
    00000520 23               [ 8] 1101 	inc	hl
                                   1102 ;src/gameplay.c:185: if (target_cam_py < 0) target_cam_py = 0;
    00000521 32               [ 8] 1103 	ld	(hl-), a
    00000522 2A               [ 8] 1104 	ld	a, (hl+)
    00000523 CB 7E            [12] 1105 	bit	7, (hl)
    00000525 28 04            [12] 1106 	jr	Z, 00156$
    00000527 2B               [ 8] 1107 	dec	hl
    00000528 AF               [ 4] 1108 	xor	a, a
    00000529 22               [ 8] 1109 	ld	(hl+), a
    0000052A 77               [ 8] 1110 	ld	(hl), a
    0000052B                       1111 00156$:
                                   1112 ;src/gameplay.c:186: if ((uint16_t)target_cam_py > cam_py_max) target_cam_py = (int16_t)cam_py_max;
    0000052B F8 1A            [12] 1113 	ldhl	sp,	#26
    0000052D 2A               [ 8] 1114 	ld	a, (hl+)
    0000052E 4F               [ 4] 1115 	ld	c, a
    0000052F 2A               [ 8] 1116 	ld	a, (hl+)
    00000530 47               [ 4] 1117 	ld	b, a
    00000531 2A               [ 8] 1118 	ld	a, (hl+)
    00000532 91               [ 4] 1119 	sub	a, c
    00000533 7E               [ 8] 1120 	ld	a, (hl)
    00000534 98               [ 4] 1121 	sbc	a, b
    00000535 30 42            [12] 1122 	jr	NC, 00167$
    00000537 F8 02            [12] 1123 	ldhl	sp,	#2
    00000539 7E               [ 8] 1124 	ld	a, (hl)
    0000053A F8 1A            [12] 1125 	ldhl	sp,	#26
    0000053C 77               [ 8] 1126 	ld	(hl), a
    0000053D F8 03            [12] 1127 	ldhl	sp,	#3
    0000053F 7E               [ 8] 1128 	ld	a, (hl)
    00000540 F8 1B            [12] 1129 	ldhl	sp,	#27
    00000542 77               [ 8] 1130 	ld	(hl), a
                                   1131 ;src/gameplay.c:187: cam_py = (uint16_t)target_cam_py;
    00000543 18 34            [12] 1132 	jr	00167$
    00000545                       1133 00166$:
                                   1134 ;src/gameplay.c:188: } else if (py > CAM_Y_BOTTOM_ZONE) {
    00000545 F8 00            [12] 1135 	ldhl	sp,	#0
    00000547 3E 64            [ 8] 1136 	ld	a, #0x64
    00000549 96               [ 8] 1137 	sub	a, (hl)
    0000054A 23               [ 8] 1138 	inc	hl
    0000054B 3E 00            [ 8] 1139 	ld	a, #0x00
    0000054D 9E               [ 8] 1140 	sbc	a, (hl)
    0000054E 30 29            [12] 1141 	jr	NC, 00167$
                                   1142 ;src/gameplay.c:189: int16_t target_cam_py = player.world_y - CAM_Y_BOTTOM_ZONE;
    00000550 F8 06            [12] 1143 	ldhl	sp,	#6
    00000552 2A               [ 8] 1144 	ld	a, (hl+)
    00000553 4F               [ 4] 1145 	ld	c, a
    00000554 46               [ 8] 1146 	ld	b, (hl)
    00000555 79               [ 4] 1147 	ld	a, c
    00000556 C6 9C            [ 8] 1148 	add	a, #0x9c
    00000558 4F               [ 4] 1149 	ld	c, a
    00000559 78               [ 4] 1150 	ld	a, b
    0000055A CE FF            [ 8] 1151 	adc	a, #0xff
    0000055C 47               [ 4] 1152 	ld	b, a
                                   1153 ;src/gameplay.c:190: if (target_cam_py < 0) target_cam_py = 0;
    0000055D 60               [ 4] 1154 	ld	h, b
    0000055E CB 7C            [ 8] 1155 	bit	7, h
    00000560 28 03            [12] 1156 	jr	Z, 00160$
    00000562 01 00 00         [12] 1157 	ld	bc, #0x0000
    00000565                       1158 00160$:
                                   1159 ;src/gameplay.c:191: if ((uint16_t)target_cam_py > cam_py_max) target_cam_py = (int16_t)cam_py_max;
    00000565 59               [ 4] 1160 	ld	e, c
    00000566 50               [ 4] 1161 	ld	d, b
    00000567 F8 1C            [12] 1162 	ldhl	sp,	#28
    00000569 2A               [ 8] 1163 	ld	a, (hl+)
    0000056A 93               [ 4] 1164 	sub	a, e
    0000056B 7E               [ 8] 1165 	ld	a, (hl)
    0000056C 9A               [ 4] 1166 	sbc	a, d
    0000056D 30 05            [12] 1167 	jr	NC, 00162$
    0000056F F8 02            [12] 1168 	ldhl	sp,	#2
    00000571 2A               [ 8] 1169 	ld	a, (hl+)
    00000572 4F               [ 4] 1170 	ld	c, a
    00000573 46               [ 8] 1171 	ld	b, (hl)
    00000574                       1172 00162$:
                                   1173 ;src/gameplay.c:192: cam_py = (uint16_t)target_cam_py;
    00000574 F8 1A            [12] 1174 	ldhl	sp,	#26
    00000576 79               [ 4] 1175 	ld	a, c
    00000577 22               [ 8] 1176 	ld	(hl+), a
    00000578 70               [ 8] 1177 	ld	(hl), b
    00000579                       1178 00167$:
                                   1179 ;src/gameplay.c:134: if (cam_px < ((level_map_w - VIEW_MT_W) << 4)) {
    00000579 F8 2E            [12] 1180 	ldhl	sp,	#46
    0000057B 2A               [ 8] 1181 	ld	a, (hl+)
    0000057C 4F               [ 4] 1182 	ld	c, a
    0000057D 46               [ 8] 1183 	ld	b, (hl)
                                   1184 ;src/gameplay.c:196: uint16_t scroll_px = (cam_px > PLAYER_SCREEN_X) ? (cam_px - PLAYER_SCREEN_X) : 0;
    0000057E 3E 20            [ 8] 1185 	ld	a, #0x20
    00000580 B9               [ 4] 1186 	cp	a, c
    00000581 3E 00            [ 8] 1187 	ld	a, #0x00
    00000583 98               [ 4] 1188 	sbc	a, b
    00000584 30 06            [12] 1189 	jr	NC, 00206$
    00000586 79               [ 4] 1190 	ld	a, c
    00000587 C6 E0            [ 8] 1191 	add	a, #0xe0
    00000589 5F               [ 4] 1192 	ld	e, a
    0000058A 18 02            [12] 1193 	jr	00207$
    0000058C                       1194 00206$:
    0000058C 1E 00            [ 8] 1195 	ld	e, #0x00
    0000058E                       1196 00207$:
                                   1197 ;src/gameplay.c:197: uint8_t sprite_x = (cam_px < PLAYER_SCREEN_X) ? (uint8_t)cam_px : PLAYER_SCREEN_X;
    0000058E 79               [ 4] 1198 	ld	a, c
    0000058F D6 20            [ 8] 1199 	sub	a, #0x20
    00000591 78               [ 4] 1200 	ld	a, b
    00000592 DE 00            [ 8] 1201 	sbc	a, #0x00
    00000594 30 05            [12] 1202 	jr	NC, 00208$
    00000596 F8 2E            [12] 1203 	ldhl	sp,	#46
    00000598 7E               [ 8] 1204 	ld	a, (hl)
    00000599 18 02            [12] 1205 	jr	00209$
    0000059B                       1206 00208$:
    0000059B 3E 20            [ 8] 1207 	ld	a, #0x20
    0000059D                       1208 00209$:
    0000059D F8 2D            [12] 1209 	ldhl	sp,	#45
    0000059F 77               [ 8] 1210 	ld	(hl), a
                                   1211 ;src/gameplay.c:198: int16_t final_py = player_screen_y(&player, cam_py);
    000005A0 D5               [16] 1212 	push	de
    000005A1 F8 1C            [12] 1213 	ldhl	sp,	#28
    000005A3 4E               [ 8] 1214 	ld	c, (hl)
    000005A4 23               [ 8] 1215 	inc	hl
    000005A5 46               [ 8] 1216 	ld	b, (hl)
    000005A6 C5               [16] 1217 	push	bc
    000005A7 21 08 00         [12] 1218 	ld	hl, #8
    000005AA 39               [ 8] 1219 	add	hl, sp
    000005AB 4D               [ 4] 1220 	ld	c, l
    000005AC 44               [ 4] 1221 	ld	b, h
    000005AD C5               [16] 1222 	push	bc
    000005AE 1Er00            [ 8] 1223 	ld	e, #b_player_screen_y
    000005B0 21r00r00         [12] 1224 	ld	hl, #_player_screen_y
    000005B3 CDr00r00         [24] 1225 	call	___sdcc_bcall_ehl
    000005B6 E8 04            [16] 1226 	add	sp, #4
    000005B8 D1               [12] 1227 	pop	de
                                   1228 ;src/gameplay.c:201: wait_vbl_done();
    000005B9 CDr00r00         [24] 1229 	call	_wait_vbl_done
                                   1230 ;src/gameplay.c:204: move_bkg((uint8_t)scroll_px, (uint8_t)cam_py);
    000005BC F8 1A            [12] 1231 	ldhl	sp,	#26
    000005BE 56               [ 8] 1232 	ld	d, (hl)
    000005BF 7B               [ 4] 1233 	ld	a, e
    000005C0 E0r00            [12] 1234 	ldh	(_SCX_REG + 0), a
                                   1235 ;c:\gbdk\include\gb\gb.h:1461: SCX_REG=x, SCY_REG=y;
    000005C2 7A               [ 4] 1236 	ld	a, d
    000005C3 E0r00            [12] 1237 	ldh	(_SCY_REG + 0), a
                                   1238 ;src/gameplay.c:206: if (needs_render) {
    000005C5 F8 2A            [12] 1239 	ldhl	sp,	#42
    000005C7 7E               [ 8] 1240 	ld	a, (hl)
    000005C8 B7               [ 4] 1241 	or	a, a
    000005C9 28 32            [12] 1242 	jr	Z, 00169$
                                   1243 ;src/gameplay.c:207: loaded_r = need_col;
    000005CB 23               [ 8] 1244 	inc	hl
    000005CC 7E               [ 8] 1245 	ld	a, (hl)
    000005CD F8 1E            [12] 1246 	ldhl	sp,	#30
    000005CF 77               [ 8] 1247 	ld	(hl), a
    000005D0 F8 2C            [12] 1248 	ldhl	sp,	#44
    000005D2 7E               [ 8] 1249 	ld	a, (hl)
    000005D3 F8 1F            [12] 1250 	ldhl	sp,	#31
    000005D5 77               [ 8] 1251 	ld	(hl), a
                                   1252 ;src/gameplay.c:208: draw_mt_column((uint8_t)(need_col % BKG_MT_W), need_col, level_map, level_map_w, level_map_h, level_map_bank);
    000005D6 F8 2B            [12] 1253 	ldhl	sp,	#43
    000005D8 2A               [ 8] 1254 	ld	a, (hl+)
    000005D9 5E               [ 8] 1255 	ld	e, (hl)
    000005DA E6 0F            [ 8] 1256 	and	a, #0x0f
    000005DC C5               [16] 1257 	push	bc
    000005DD F8 19            [12] 1258 	ldhl	sp,	#25
    000005DF 66               [ 8] 1259 	ld	h, (hl)
    000005E0 E5               [16] 1260 	push	hl
    000005E1 33               [ 8] 1261 	inc	sp
    000005E2 F8 18            [12] 1262 	ldhl	sp,	#24
    000005E4 5E               [ 8] 1263 	ld	e, (hl)
    000005E5 23               [ 8] 1264 	inc	hl
    000005E6 56               [ 8] 1265 	ld	d, (hl)
    000005E7 D5               [16] 1266 	push	de
    000005E8 F8 18            [12] 1267 	ldhl	sp,	#24
    000005EA 5E               [ 8] 1268 	ld	e, (hl)
    000005EB 23               [ 8] 1269 	inc	hl
    000005EC 56               [ 8] 1270 	ld	d, (hl)
    000005ED D5               [16] 1271 	push	de
    000005EE F8 18            [12] 1272 	ldhl	sp,	#24
    000005F0 5E               [ 8] 1273 	ld	e, (hl)
    000005F1 23               [ 8] 1274 	inc	hl
    000005F2 56               [ 8] 1275 	ld	d, (hl)
    000005F3 D5               [16] 1276 	push	de
    000005F4 F8 34            [12] 1277 	ldhl	sp,	#52
    000005F6 5E               [ 8] 1278 	ld	e, (hl)
    000005F7 23               [ 8] 1279 	inc	hl
    000005F8 56               [ 8] 1280 	ld	d, (hl)
    000005F9 CDr00r00         [24] 1281 	call	_draw_mt_column
    000005FC C1               [12] 1282 	pop	bc
    000005FD                       1283 00169$:
                                   1284 ;src/gameplay.c:211: if (player.mode == MODE_SHIP) {
    000005FD F8 0D            [12] 1285 	ldhl	sp,	#13
    000005FF 7E               [ 8] 1286 	ld	a, (hl)
    00000600 F8 2A            [12] 1287 	ldhl	sp,	#42
    00000602 77               [ 8] 1288 	ld	(hl), a
                                   1289 ;src/gameplay.c:213: move_metasprite_vflip(ship_metasprites[0], 0, 0, sprite_x + 8, final_py + 16);
    00000603 F8 2D            [12] 1290 	ldhl	sp,	#45
    00000605 3A               [ 8] 1291 	ld	a, (hl-)
    00000606 2B               [ 8] 1292 	dec	hl
    00000607 22               [ 8] 1293 	ld	(hl+), a
    00000608 79               [ 4] 1294 	ld	a, c
    00000609 C6 10            [ 8] 1295 	add	a, #0x10
    0000060B 32               [ 8] 1296 	ld	(hl-), a
    0000060C 2A               [ 8] 1297 	ld	a, (hl+)
    0000060D 23               [ 8] 1298 	inc	hl
    0000060E C6 08            [ 8] 1299 	add	a, #0x08
    00000610 77               [ 8] 1300 	ld	(hl), a
                                   1301 ;src/gameplay.c:211: if (player.mode == MODE_SHIP) {
    00000611 F8 2A            [12] 1302 	ldhl	sp,	#42
    00000613 7E               [ 8] 1303 	ld	a, (hl)
    00000614 3D               [ 4] 1304 	dec	a
    00000615 20 4B            [12] 1305 	jr	NZ, 00177$
                                   1306 ;src/gameplay.c:212: if (player.gravity_flipped) {
    00000617 F8 0C            [12] 1307 	ldhl	sp,	#12
    00000619 7E               [ 8] 1308 	ld	a, (hl)
    0000061A B7               [ 4] 1309 	or	a, a
    0000061B 28 24            [12] 1310 	jr	Z, 00171$
                                   1311 ;src/gameplay.c:213: move_metasprite_vflip(ship_metasprites[0], 0, 0, sprite_x + 8, final_py + 16);
    0000061D F8 2C            [12] 1312 	ldhl	sp,	#44
    0000061F 2A               [ 8] 1313 	ld	a, (hl+)
    00000620 47               [ 4] 1314 	ld	b, a
    00000621 4E               [ 8] 1315 	ld	c, (hl)
    00000622 21r00r00         [12] 1316 	ld	hl, #_ship_metasprites
    00000625 2A               [ 8] 1317 	ld	a,	(hl+)
    00000626 66               [ 8] 1318 	ld	h, (hl)
                                   1319 ;c:\gbdk\include\gb\metasprites.h:209: __current_metasprite = metasprite;
    00000627 5F               [ 4] 1320 	ld	e, a
    00000628 54               [ 4] 1321 	ld	d, h
    00000629 21r00r00         [12] 1322 	ld	hl, #___current_metasprite
    0000062C 7B               [ 4] 1323 	ld	a, e
    0000062D 22               [ 8] 1324 	ld	(hl+), a
    0000062E 72               [ 8] 1325 	ld	(hl), d
                                   1326 ;c:\gbdk\include\gb\metasprites.h:210: __current_base_tile = base_tile;
                                   1327 ;c:\gbdk\include\gb\metasprites.h:211: __current_base_prop = 0;
    0000062F AF               [ 4] 1328 	xor	a, a
    00000630 EAr00r00         [16] 1329 	ld	(#___current_base_tile), a
    00000633 EAr00r00         [16] 1330 	ld	(#___current_base_prop),a
                                   1331 ;c:\gbdk\include\gb\metasprites.h:212: return __move_metasprite_vflip(base_sprite, (y << 8) | (uint8_t)(x - 8u));
    00000636 50               [ 4] 1332 	ld	d, b
    00000637 79               [ 4] 1333 	ld	a, c
    00000638 C6 F8            [ 8] 1334 	add	a, #0xf8
    0000063A 5F               [ 4] 1335 	ld	e, a
    0000063B AF               [ 4] 1336 	xor	a, a
    0000063C CDr00r00         [24] 1337 	call	___move_metasprite_vflip
                                   1338 ;src/gameplay.c:213: move_metasprite_vflip(ship_metasprites[0], 0, 0, sprite_x + 8, final_py + 16);
    0000063F 18 7B            [12] 1339 	jr	00178$
    00000641                       1340 00171$:
                                   1341 ;src/gameplay.c:215: move_metasprite(ship_metasprites[0], 0, 0, sprite_x + 8, final_py + 16);
    00000641 F8 2C            [12] 1342 	ldhl	sp,	#44
    00000643 2A               [ 8] 1343 	ld	a, (hl+)
    00000644 47               [ 4] 1344 	ld	b, a
    00000645 4E               [ 8] 1345 	ld	c, (hl)
    00000646 21r00r00         [12] 1346 	ld	hl, #_ship_metasprites
    00000649 2A               [ 8] 1347 	ld	a,	(hl+)
    0000064A 66               [ 8] 1348 	ld	h, (hl)
                                   1349 ;c:\gbdk\include\gb\metasprites.h:169: __current_metasprite = metasprite;
    0000064B 5F               [ 4] 1350 	ld	e, a
    0000064C 54               [ 4] 1351 	ld	d, h
    0000064D 21r00r00         [12] 1352 	ld	hl, #___current_metasprite
    00000650 7B               [ 4] 1353 	ld	a, e
    00000651 22               [ 8] 1354 	ld	(hl+), a
    00000652 72               [ 8] 1355 	ld	(hl), d
                                   1356 ;c:\gbdk\include\gb\metasprites.h:170: __current_base_tile = base_tile;
                                   1357 ;c:\gbdk\include\gb\metasprites.h:171: __current_base_prop = 0;
    00000653 AF               [ 4] 1358 	xor	a, a
    00000654 EAr00r00         [16] 1359 	ld	(#___current_base_tile), a
    00000657 EAr00r00         [16] 1360 	ld	(#___current_base_prop),a
                                   1361 ;c:\gbdk\include\gb\metasprites.h:172: return __move_metasprite(base_sprite, (y << 8) | (uint8_t)x);
    0000065A 50               [ 4] 1362 	ld	d, b
    0000065B 59               [ 4] 1363 	ld	e, c
    0000065C AF               [ 4] 1364 	xor	a, a
    0000065D CDr00r00         [24] 1365 	call	___move_metasprite
                                   1366 ;src/gameplay.c:215: move_metasprite(ship_metasprites[0], 0, 0, sprite_x + 8, final_py + 16);
    00000660 18 5A            [12] 1367 	jr	00178$
    00000662                       1368 00177$:
                                   1369 ;src/gameplay.c:218: if (player.gravity_flipped) {
    00000662 F8 0C            [12] 1370 	ldhl	sp,	#12
    00000664 7E               [ 8] 1371 	ld	a, (hl)
    00000665 B7               [ 4] 1372 	or	a, a
    00000666 28 2E            [12] 1373 	jr	Z, 00174$
                                   1374 ;src/gameplay.c:219: move_metasprite_vflip(icon1_metasprites[player.anim_frame], 0, 0, sprite_x + 22, final_py + 16);
    00000668 F8 2C            [12] 1375 	ldhl	sp,	#44
    0000066A 3A               [ 8] 1376 	ld	a, (hl-)
    0000066B 47               [ 4] 1377 	ld	b, a
    0000066C 7E               [ 8] 1378 	ld	a, (hl)
    0000066D C6 16            [ 8] 1379 	add	a, #0x16
    0000066F 4F               [ 4] 1380 	ld	c, a
    00000670 F8 0E            [12] 1381 	ldhl	sp,	#14
    00000672 6E               [ 8] 1382 	ld	l, (hl)
    00000673 26 00            [ 8] 1383 	ld	h, #0x00
    00000675 29               [ 8] 1384 	add	hl, hl
    00000676 11r00r00         [12] 1385 	ld	de, #_icon1_metasprites
    00000679 19               [ 8] 1386 	add	hl, de
    0000067A 2A               [ 8] 1387 	ld	a, (hl+)
    0000067B 6E               [ 8] 1388 	ld	l, (hl)
                                   1389 ;c:\gbdk\include\gb\metasprites.h:209: __current_metasprite = metasprite;
    0000067C 5F               [ 4] 1390 	ld	e, a
    0000067D 55               [ 4] 1391 	ld	d, l
    0000067E 21r00r00         [12] 1392 	ld	hl, #___current_metasprite
    00000681 7B               [ 4] 1393 	ld	a, e
    00000682 22               [ 8] 1394 	ld	(hl+), a
    00000683 72               [ 8] 1395 	ld	(hl), d
                                   1396 ;c:\gbdk\include\gb\metasprites.h:210: __current_base_tile = base_tile;
                                   1397 ;c:\gbdk\include\gb\metasprites.h:211: __current_base_prop = 0;
    00000684 AF               [ 4] 1398 	xor	a, a
    00000685 EAr00r00         [16] 1399 	ld	(#___current_base_tile), a
    00000688 EAr00r00         [16] 1400 	ld	(#___current_base_prop),a
                                   1401 ;c:\gbdk\include\gb\metasprites.h:212: return __move_metasprite_vflip(base_sprite, (y << 8) | (uint8_t)(x - 8u));
    0000068B 50               [ 4] 1402 	ld	d, b
    0000068C 79               [ 4] 1403 	ld	a, c
    0000068D C6 F8            [ 8] 1404 	add	a, #0xf8
    0000068F 5F               [ 4] 1405 	ld	e, a
    00000690 AF               [ 4] 1406 	xor	a, a
    00000691 CDr00r00         [24] 1407 	call	___move_metasprite_vflip
                                   1408 ;src/gameplay.c:219: move_metasprite_vflip(icon1_metasprites[player.anim_frame], 0, 0, sprite_x + 22, final_py + 16);
    00000694 18 26            [12] 1409 	jr	00178$
    00000696                       1410 00174$:
                                   1411 ;src/gameplay.c:221: move_metasprite(icon1_metasprites[player.anim_frame], 0, 0, sprite_x + 8, final_py + 16);
    00000696 F8 2C            [12] 1412 	ldhl	sp,	#44
    00000698 2A               [ 8] 1413 	ld	a, (hl+)
    00000699 47               [ 4] 1414 	ld	b, a
    0000069A 4E               [ 8] 1415 	ld	c, (hl)
    0000069B F8 0E            [12] 1416 	ldhl	sp,	#14
    0000069D 6E               [ 8] 1417 	ld	l, (hl)
    0000069E 26 00            [ 8] 1418 	ld	h, #0x00
    000006A0 29               [ 8] 1419 	add	hl, hl
    000006A1 11r00r00         [12] 1420 	ld	de, #_icon1_metasprites
    000006A4 19               [ 8] 1421 	add	hl, de
    000006A5 2A               [ 8] 1422 	ld	a, (hl+)
    000006A6 6E               [ 8] 1423 	ld	l, (hl)
                                   1424 ;c:\gbdk\include\gb\metasprites.h:169: __current_metasprite = metasprite;
    000006A7 5F               [ 4] 1425 	ld	e, a
    000006A8 55               [ 4] 1426 	ld	d, l
    000006A9 21r00r00         [12] 1427 	ld	hl, #___current_metasprite
    000006AC 7B               [ 4] 1428 	ld	a, e
    000006AD 22               [ 8] 1429 	ld	(hl+), a
    000006AE 72               [ 8] 1430 	ld	(hl), d
                                   1431 ;c:\gbdk\include\gb\metasprites.h:170: __current_base_tile = base_tile;
                                   1432 ;c:\gbdk\include\gb\metasprites.h:171: __current_base_prop = 0;
    000006AF AF               [ 4] 1433 	xor	a, a
    000006B0 EAr00r00         [16] 1434 	ld	(#___current_base_tile), a
    000006B3 EAr00r00         [16] 1435 	ld	(#___current_base_prop),a
                                   1436 ;c:\gbdk\include\gb\metasprites.h:172: return __move_metasprite(base_sprite, (y << 8) | (uint8_t)x);
    000006B6 50               [ 4] 1437 	ld	d, b
    000006B7 59               [ 4] 1438 	ld	e, c
    000006B8 AF               [ 4] 1439 	xor	a, a
    000006B9 CDr00r00         [24] 1440 	call	___move_metasprite
                                   1441 ;src/gameplay.c:221: move_metasprite(icon1_metasprites[player.anim_frame], 0, 0, sprite_x + 8, final_py + 16);
    000006BC                       1442 00178$:
                                   1443 ;src/gameplay.c:225: if (died) {
    000006BC F8 29            [12] 1444 	ldhl	sp,	#41
    000006BE 7E               [ 8] 1445 	ld	a, (hl)
    000006BF B7               [ 4] 1446 	or	a, a
    000006C0 CArBBr02         [16] 1447 	jp	Z, 00185$
                                   1448 ;src/gameplay.c:226: TAC_REG = 0x00;   // Stop music timer immediately
    000006C3 AF               [ 4] 1449 	xor	a, a
    000006C4 E0r00            [12] 1450 	ldh	(_TAC_REG + 0), a
                                   1451 ;src/gameplay.c:228: NR52_REG = 0x00; // Silence
    000006C6 AF               [ 4] 1452 	xor	a, a
    000006C7 E0r00            [12] 1453 	ldh	(_NR52_REG + 0), a
                                   1454 ;src/gameplay.c:230: NR52_REG = 0x80; // Turn sound back ON
    000006C9 3E 80            [ 8] 1455 	ld	a, #0x80
    000006CB E0r00            [12] 1456 	ldh	(_NR52_REG + 0), a
                                   1457 ;src/gameplay.c:231: NR51_REG = 0xFF; // Route all channels to left and right
    000006CD 3E FF            [ 8] 1458 	ld	a, #0xff
    000006CF E0r00            [12] 1459 	ldh	(_NR51_REG + 0), a
                                   1460 ;src/gameplay.c:232: NR50_REG = 0x77; // Set master volume to max
    000006D1 3E 77            [ 8] 1461 	ld	a, #0x77
    000006D3 E0r00            [12] 1462 	ldh	(_NR50_REG + 0), a
                                   1463 ;src/gameplay.c:234: NR41_REG = 0x00; // Length
    000006D5 AF               [ 4] 1464 	xor	a, a
    000006D6 E0r00            [12] 1465 	ldh	(_NR41_REG + 0), a
                                   1466 ;src/gameplay.c:235: NR42_REG = 0xF2; // Volume
    000006D8 3E F2            [ 8] 1467 	ld	a, #0xf2
    000006DA E0r00            [12] 1468 	ldh	(_NR42_REG + 0), a
                                   1469 ;src/gameplay.c:236: NR43_REG = 0x43; // Note
    000006DC 3E 43            [ 8] 1470 	ld	a, #0x43
    000006DE E0r00            [12] 1471 	ldh	(_NR43_REG + 0), a
                                   1472 ;src/gameplay.c:237: NR44_REG = 0x80; // Trigger
    000006E0 3E 80            [ 8] 1473 	ld	a, #0x80
    000006E2 E0r00            [12] 1474 	ldh	(_NR44_REG + 0), a
                                   1475 ;src/gameplay.c:239: for (uint8_t i = 0; i < 60; i++) wait_vbl_done();
    000006E4 0E 00            [ 8] 1476 	ld	c, #0x00
    000006E6                       1477 00202$:
    000006E6 79               [ 4] 1478 	ld	a, c
    000006E7 D6 3C            [ 8] 1479 	sub	a, #0x3c
    000006E9 30 06            [12] 1480 	jr	NC, 00179$
    000006EB CDr00r00         [24] 1481 	call	_wait_vbl_done
    000006EE 0C               [ 4] 1482 	inc	c
    000006EF 18 F5            [12] 1483 	jr	00202$
    000006F1                       1484 00179$:
                                   1485 ;src/gameplay.c:240: NR52_REG = 0x80;
    000006F1 3E 80            [ 8] 1486 	ld	a, #0x80
    000006F3 E0r00            [12] 1487 	ldh	(_NR52_REG + 0), a
                                   1488 ;src/gameplay.c:241: NR51_REG = 0xFF;
    000006F5 3E FF            [ 8] 1489 	ld	a, #0xff
    000006F7 E0r00            [12] 1490 	ldh	(_NR51_REG + 0), a
                                   1491 ;src/gameplay.c:242: NR50_REG = 0x77;
    000006F9 3E 77            [ 8] 1492 	ld	a, #0x77
    000006FB E0r00            [12] 1493 	ldh	(_NR50_REG + 0), a
                                   1494 ;src/gameplay.c:244: if (level_songs[idx]) {
    000006FD F8 18            [12] 1495 	ldhl	sp,#24
    000006FF 2A               [ 8] 1496 	ld	a, (hl+)
    00000700 5F               [ 4] 1497 	ld	e, a
    00000701 56               [ 8] 1498 	ld	d, (hl)
    00000702 1A               [ 8] 1499 	ld	a, (de)
    00000703 4F               [ 4] 1500 	ld	c, a
    00000704 13               [ 8] 1501 	inc	de
    00000705 1A               [ 8] 1502 	ld	a, (de)
    00000706 47               [ 4] 1503 	ld	b, a
    00000707 B1               [ 4] 1504 	or	a, c
    00000708 28 1C            [12] 1505 	jr	Z, 00181$
                                   1506 ;src/gameplay.c:245: init_music_banked(level_songs[idx], song_bank[idx], l->timer_divider);
    0000070A F8 25            [12] 1507 	ldhl	sp,#37
    0000070C 2A               [ 8] 1508 	ld	a, (hl+)
    0000070D 5F               [ 4] 1509 	ld	e, a
    0000070E 2A               [ 8] 1510 	ld	a, (hl+)
    0000070F 57               [ 4] 1511 	ld	d, a
    00000710 1A               [ 8] 1512 	ld	a, (de)
    00000711 5E               [ 8] 1513 	ld	e, (hl)
    00000712 23               [ 8] 1514 	inc	hl
    00000713 56               [ 8] 1515 	ld	d, (hl)
    00000714 F5               [16] 1516 	push	af
    00000715 1A               [ 8] 1517 	ld	a, (de)
    00000716 33               [ 8] 1518 	inc	sp
    00000717 59               [ 4] 1519 	ld	e, c
    00000718 50               [ 4] 1520 	ld	d, b
    00000719 CDr00r00         [24] 1521 	call	_init_music_banked
                                   1522 ;src/gameplay.c:246: current_song_bank = song_bank[idx];
    0000071C F8 27            [12] 1523 	ldhl	sp,#39
    0000071E 2A               [ 8] 1524 	ld	a, (hl+)
    0000071F 5F               [ 4] 1525 	ld	e, a
    00000720 56               [ 8] 1526 	ld	d, (hl)
    00000721 1A               [ 8] 1527 	ld	a, (de)
    00000722 21r00r00         [12] 1528 	ld	hl, #_current_song_bank
    00000725 77               [ 8] 1529 	ld	(hl), a
    00000726                       1530 00181$:
                                   1531 ;c:\gbdk\include\gb\gb.h:811: __asm__("di");
    00000726 F3               [ 4] 1532 	di
                                   1533 ;src/gameplay.c:250: cam_px = 0;
    00000727 AF               [ 4] 1534 	xor	a, a
    00000728 F8 2E            [12] 1535 	ldhl	sp,	#46
    0000072A 22               [ 8] 1536 	ld	(hl+), a
    0000072B 77               [ 8] 1537 	ld	(hl), a
                                   1538 ;src/gameplay.c:251: cam_py = 112;
    0000072C F8 1A            [12] 1539 	ldhl	sp,	#26
    0000072E 3E 70            [ 8] 1540 	ld	a, #0x70
    00000730 22               [ 8] 1541 	ld	(hl+), a
    00000731 AF               [ 4] 1542 	xor	a, a
    00000732 77               [ 8] 1543 	ld	(hl), a
                                   1544 ;src/gameplay.c:252: scroll_acc = 0;
    00000733 F8 20            [12] 1545 	ldhl	sp,	#32
                                   1546 ;src/gameplay.c:253: loaded_r = BKG_MT_W - 1;
    00000735 AF               [ 4] 1547 	xor	a, a
    00000736 32               [ 8] 1548 	ld	(hl-), a
    00000737 2B               [ 8] 1549 	dec	hl
    00000738 3E 0F            [ 8] 1550 	ld	a, #0x0f
    0000073A 22               [ 8] 1551 	ld	(hl+), a
    0000073B AF               [ 4] 1552 	xor	a, a
    0000073C 77               [ 8] 1553 	ld	(hl), a
                                   1554 ;src/gameplay.c:254: player_init(&player, 0, 240);
    0000073D 11 F0 00         [12] 1555 	ld	de, #0x00f0
    00000740 D5               [16] 1556 	push	de
    00000741 11 00 00         [12] 1557 	ld	de, #0x0000
    00000744 D5               [16] 1558 	push	de
    00000745 21 08 00         [12] 1559 	ld	hl, #8
    00000748 39               [ 8] 1560 	add	hl, sp
    00000749 5D               [ 4] 1561 	ld	e, l
    0000074A 54               [ 4] 1562 	ld	d, h
    0000074B D5               [16] 1563 	push	de
    0000074C 1Er00            [ 8] 1564 	ld	e, #b_player_init
    0000074E 21r00r00         [12] 1565 	ld	hl, #_player_init
    00000751 CDr00r00         [24] 1566 	call	___sdcc_bcall_ehl
    00000754 E8 06            [16] 1567 	add	sp, #6
                                   1568 ;c:\gbdk\include\gb\gb.h:1461: SCX_REG=x, SCY_REG=y;
    00000756 AF               [ 4] 1569 	xor	a, a
    00000757 E0r00            [12] 1570 	ldh	(_SCX_REG + 0), a
    00000759 3E 70            [ 8] 1571 	ld	a, #0x70
    0000075B E0r00            [12] 1572 	ldh	(_SCY_REG + 0), a
                                   1573 ;src/gameplay.c:256: fill_scroll_bg(level_map, level_map_w, level_map_h, level_map_bank);
    0000075D F8 17            [12] 1574 	ldhl	sp,	#23
    0000075F 3A               [ 8] 1575 	ld	a, (hl-)
    00000760 2B               [ 8] 1576 	dec	hl
    00000761 F5               [16] 1577 	push	af
    00000762 33               [ 8] 1578 	inc	sp
    00000763 2A               [ 8] 1579 	ld	a, (hl+)
    00000764 5F               [ 4] 1580 	ld	e, a
    00000765 56               [ 8] 1581 	ld	d, (hl)
    00000766 D5               [16] 1582 	push	de
    00000767 F8 16            [12] 1583 	ldhl	sp,	#22
    00000769 2A               [ 8] 1584 	ld	a, (hl+)
    0000076A 4F               [ 4] 1585 	ld	c, a
    0000076B 46               [ 8] 1586 	ld	b, (hl)
    0000076C F8 14            [12] 1587 	ldhl	sp,	#20
    0000076E 2A               [ 8] 1588 	ld	a, (hl+)
    0000076F 5F               [ 4] 1589 	ld	e, a
    00000770 56               [ 8] 1590 	ld	d, (hl)
    00000771 CDr00r00         [24] 1591 	call	_fill_scroll_bg
                                   1592 ;src/gameplay.c:258: TAC_REG = 0x04;
    00000774 3E 04            [ 8] 1593 	ld	a, #0x04
    00000776 E0r00            [12] 1594 	ldh	(_TAC_REG + 0), a
                                   1595 ;src/gameplay.c:259: music_ready = 1;
    00000778 21r00r00         [12] 1596 	ld	hl, #_music_ready
    0000077B 36 01            [12] 1597 	ld	(hl), #0x01
                                   1598 ;c:\gbdk\include\gb\gb.h:795: __asm__("ei");
    0000077D FB               [ 4] 1599 	ei
                                   1600 ;src/gameplay.c:260: enable_interrupts();
    0000077E C3rBBr02         [16] 1601 	jp	00185$
    00000781                       1602 00186$:
                                   1603 ;src/gameplay.c:265: HIDE_SPRITES;
    00000781 F0r00            [12] 1604 	ldh	a, (_LCDC_REG + 0)
    00000783 E6 FD            [ 8] 1605 	and	a, #0xfd
    00000785 E0r00            [12] 1606 	ldh	(_LCDC_REG + 0), a
                                   1607 ;c:\gbdk\include\gb\gb.h:1461: SCX_REG=x, SCY_REG=y;
    00000787 AF               [ 4] 1608 	xor	a, a
    00000788 E0r00            [12] 1609 	ldh	(_SCX_REG + 0), a
    0000078A AF               [ 4] 1610 	xor	a, a
    0000078B E0r00            [12] 1611 	ldh	(_SCY_REG + 0), a
                                   1612 ;src/gameplay.c:267: waitpadup();
    0000078D CDr00r00         [24] 1613 	call	_waitpadup
                                   1614 ;c:\gbdk\include\gb\gb.h:811: __asm__("di");
    00000790 F3               [ 4] 1615 	di
                                   1616 ;src/gameplay.c:269: setup_menu_font();
    00000791 1Er00            [ 8] 1617 	ld	e, #b_setup_menu_font
    00000793 21r00r00         [12] 1618 	ld	hl, #_setup_menu_font
    00000796 CDr00r00         [24] 1619 	call	___sdcc_bcall_ehl
                                   1620 ;c:\gbdk\include\gb\gb.h:795: __asm__("ei");
    00000799 FB               [ 4] 1621 	ei
                                   1622 ;src/gameplay.c:271: redraw = 1;
    0000079A 21r00r00         [12] 1623 	ld	hl, #_redraw
    0000079D 36 01            [12] 1624 	ld	(hl), #0x01
                                   1625 ;src/gameplay.c:272: }
    0000079F E8 30            [16] 1626 	add	sp, #48
    000007A1 C9               [16] 1627 	ret
                                   1628 	.area _CODE_1
                                   1629 	.area _INITIALIZER
                                   1630 	.area _CABS (ABS)
